\BOOKMARK [0][-]{foo bar baz.0}{Table of Contents}{}% 1
\BOOKMARK [0][-]{chapter*.4}{List of Tables}{}% 2
\BOOKMARK [0][-]{chapter*.5}{List of Figures}{}% 3
\BOOKMARK [0][-]{chapter*.6}{List of Appendices}{}% 4
\BOOKMARK [0][-]{chapter.1}{Introduction}{}% 5
\BOOKMARK [1][-]{section.1.1}{The Standard Model}{chapter.1}% 6
\BOOKMARK [2][-]{subsection.1.1.1}{Fermions}{section.1.1}% 7
\BOOKMARK [2][-]{subsection.1.1.2}{Bosons}{section.1.1}% 8
\BOOKMARK [2][-]{subsection.1.1.3}{Electroweak Interactions}{section.1.1}% 9
\BOOKMARK [2][-]{subsection.1.1.4}{Quantum Chromodynamics}{section.1.1}% 10
\BOOKMARK [0][-]{chapter.2}{Vector Boson Scattering}{}% 11
\BOOKMARK [0][-]{chapter.3}{The CMS Experiment}{}% 12
\BOOKMARK [1][-]{section.3.1}{The Large Hadron Collider}{chapter.3}% 13
\BOOKMARK [1][-]{section.3.2}{The CMS Detector}{chapter.3}% 14
\BOOKMARK [0][-]{chapter.4}{Event Simulation and Reconstruction}{}% 15
\BOOKMARK [0][-]{chapter.5}{Signal and Control Regions}{}% 16
\BOOKMARK [1][-]{section.5.1}{Backgrounds}{chapter.5}% 17
\BOOKMARK [2][-]{subsection.5.1.1}{Top Background}{section.5.1}% 18
\BOOKMARK [2][-]{subsection.5.1.2}{W+jets Background}{section.5.1}% 19
\BOOKMARK [1][-]{section.5.2}{Signal Discrimination}{chapter.5}% 20
\BOOKMARK [0][-]{chapter.6}{Uncertainties}{}% 21
\BOOKMARK [0][-]{chapter.7}{Results}{}% 22
\BOOKMARK [0][-]{chapter.8}{Conclusions}{}% 23
\BOOKMARK [0][-]{chapter*.9}{Appendices}{}% 24
