skims/vbs_ww/2016/WminusTo2JZTo2LJJ_QCD_LO_SM_MJJ100PTJ10_TuneCUETP8M1_13TeV-madgraph-pythia8.root
skims/vbs_ww/2016/WminusToLNuWminusTo2JJJ_QCD_LO_SM_MJJ100PTJ10_TuneCUETP8M1_13TeV-madgraph-pythia8.root
skims/vbs_ww/2016/WminusToLNuZTo2JJJ_QCD_LO_SM_MJJ100PTJ10_TuneCUETP8M1_13TeV-madgraph-pythia8.root
skims/vbs_ww/2016/WplusTo2JWminusToLNuJJ_QCD_LO_SM_MJJ100PTJ10_TuneCUETP8M1_13TeV-madgraph-pythia8.root
skims/vbs_ww/2016/WplusTo2JZTo2LJJ_QCD_LO_SM_MJJ100PTJ10_TuneCUETP8M1_13TeV-madgraph-pythia8.root
skims/vbs_ww/2016/WplusToLNuWminusTo2JJJ_QCD_LO_SM_MJJ100PTJ10_TuneCUETP8M1_13TeV-madgraph-pythia8.root
skims/vbs_ww/2016/WplusToLNuWplusTo2JJJ_QCD_LO_SM_MJJ100PTJ10_TuneCUETP8M1_13TeV-madgraph-pythia8.root
skims/vbs_ww/2016/WplusToLNuZTo2JJJ_QCD_LO_SM_MJJ100PTJ10_TuneCUETP8M1_13TeV-madgraph-pythia8.root
skims/vbs_ww/2016/ZTo2LZTo2JJJ_QCD_LO_SM_MJJ100PTJ10_TuneCUETP8M1_13TeV-madgraph-pythia8.root
skims/vbs_ww/2016/ST_s-channel_4f_hadronicDecays_TuneCP5_PSweights_13TeV-amcatnlo-pythia8.root
skims/vbs_ww/2016/ST_s-channel_4f_InclusiveDecays_13TeV-amcatnlo-pythia8.root
skims/vbs_ww/2016/ST_s-channel_4f_leptonDecays_13TeV_PSweights-amcatnlo-pythia8.root
skims/vbs_ww/2016/ST_t-channel_antitop_4f_InclusiveDecays_TuneCP5_PSweights_13TeV-powheg-pythia8.root
skims/vbs_ww/2016/ST_t-channel_top_4f_InclusiveDecays_TuneCP5_PSweights_13TeV-powheg-pythia8.root
skims/vbs_ww/2016/ST_tW_antitop_5f_inclusiveDecays_TuneCP5_PSweights_13TeV-powheg-pythia8.root
skims/vbs_ww/2016/ST_tW_antitop_5f_NoFullyHadronicDecays_13TeV_PSweights-powheg-pythia8.root
skims/vbs_ww/2016/ST_tW_top_5f_inclusiveDecays_TuneCP5_PSweights_13TeV-powheg-pythia8.root
skims/vbs_ww/2016/ST_tW_top_5f_NoFullyHadronicDecays_13TeV_PSweights-powheg-pythia8.root
skims/vbs_ww/2016/TTTo2L2Nu_TuneCP5_PSweights_13TeV-powheg-pythia8.root
skims/vbs_ww/2016/TTToHadronic_TuneCP5_PSweights_13TeV-powheg-pythia8.root
skims/vbs_ww/2016/TTToSemiLeptonic_TuneCP5_PSweights_13TeV-powheg-pythia8.root
skims/vbs_ww/2016/WJetsToLNu_HT-100To200_TuneCUETP8M1_13TeV-madgraphMLM-pythia8.root
skims/vbs_ww/2016/WJetsToLNu_HT-1200To2500_TuneCUETP8M1_13TeV-madgraphMLM-pythia8.root
skims/vbs_ww/2016/WJetsToLNu_HT-200To400_TuneCUETP8M1_13TeV-madgraphMLM-pythia8.root
skims/vbs_ww/2016/WJetsToLNu_HT-2500ToInf_TuneCUETP8M1_13TeV-madgraphMLM-pythia8.root
skims/vbs_ww/2016/WJetsToLNu_HT-400To600_TuneCUETP8M1_13TeV-madgraphMLM-pythia8.root
skims/vbs_ww/2016/WJetsToLNu_HT-600To800_TuneCUETP8M1_13TeV-madgraphMLM-pythia8.root
skims/vbs_ww/2016/WJetsToLNu_HT-70To100_TuneCUETP8M1_13TeV-madgraphMLM-pythia8.root
skims/vbs_ww/2016/WJetsToLNu_HT-800To1200_TuneCUETP8M1_13TeV-madgraphMLM-pythia8.root
skims/vbs_ww/2016/DYJetsToLL_M-50_HT-100to200_TuneCUETP8M1_13TeV-madgraphMLM-pythia8.root
skims/vbs_ww/2016/DYJetsToLL_M-50_HT-1200to2500_TuneCUETP8M1_13TeV-madgraphMLM-pythia8.root
skims/vbs_ww/2016/DYJetsToLL_M-50_HT-200to400_TuneCUETP8M1_13TeV-madgraphMLM-pythia8.root
skims/vbs_ww/2016/DYJetsToLL_M-50_HT-2500toInf_TuneCUETP8M1_13TeV-madgraphMLM-pythia8.root
skims/vbs_ww/2016/DYJetsToLL_M-50_HT-400to600_TuneCUETP8M1_13TeV-madgraphMLM-pythia8.root
skims/vbs_ww/2016/DYJetsToLL_M-50_HT-600to800_TuneCUETP8M1_13TeV-madgraphMLM-pythia8.root
skims/vbs_ww/2016/DYJetsToLL_M-50_HT-70to100_TuneCUETP8M1_13TeV-madgraphMLM-pythia8.root
skims/vbs_ww/2016/DYJetsToLL_M-50_HT-800to1200_TuneCUETP8M1_13TeV-madgraphMLM-pythia8.root
skims/vbs_ww/2017/WminusTo2JZTo2LJJ_QCD_LO_SM_MJJ100PTJ10_TuneCP5_13TeV-madgraph-pythia8.root
skims/vbs_ww/2017/WminusToLNuWminusTo2JJJ_QCD_LO_SM_MJJ100PTJ10_TuneCP5_13TeV-madgraph-pythia8.root
skims/vbs_ww/2017/WminusToLNuZTo2JJJ_QCD_LO_SM_MJJ100PTJ10_TuneCP5_13TeV-madgraph-pythia8.root
skims/vbs_ww/2017/WplusTo2JWminusToLNuJJ_QCD_LO_SM_MJJ100PTJ10_TuneCP5_13TeV.root
skims/vbs_ww/2017/WplusTo2JZTo2LJJ_QCD_LO_SM_MJJ100PTJ10_TuneCP5_13TeV-madgraph-pythia8.root
skims/vbs_ww/2017/WplusToLNuWminusTo2JJJ_QCD_LO_SM_MJJ100PTJ10_TuneCP5_13TeV.root
skims/vbs_ww/2017/WplusToLNuWplusTo2JJJ_QCD_LO_SM_MJJ100PTJ10_TuneCP5_13TeV-madgraph-pythia8.root
skims/vbs_ww/2017/WplusToLNuZTo2JJJ_QCD_LO_SM_MJJ100PTJ10_TuneCP5_13TeV-madgraph-pythia8.root
skims/vbs_ww/2017/ZTo2LZTo2JJJ_QCD_LO_SM_MJJ100PTJ10_TuneCP5_13TeV-madgraph-pythia8_01.root
skims/vbs_ww/2017/ST_s-channel_antitop_leptonDecays_13TeV-PSweights_powheg-pythia_01.root
skims/vbs_ww/2017/ST_s-channel_top_leptonDecays_13TeV-PSweights_powheg-pythia_01.root
skims/vbs_ww/2017/ST_t-channel_antitop_5f_TuneCP5_PSweights_13TeV-powheg-pythia8.root
skims/vbs_ww/2017/ST_t-channel_top_5f_TuneCP5_13TeV-powheg-pythia8_01.root
skims/vbs_ww/2017/ST_tW_antitop_5f_inclusiveDecays_TuneCP5_13TeV-powheg-pythia8_01.root
skims/vbs_ww/2017/ST_tW_top_5f_inclusiveDecays_TuneCP5_13TeV-powheg-pythia8_01.root
skims/vbs_ww/2017/TTTo2L2Nu_TuneCP5_13TeV-powheg-pythia8_01.root
skims/vbs_ww/2017/TTToHadronic_TuneCP5_13TeV-powheg-pythia8.root
skims/vbs_ww/2017/TTToSemiLeptonic_TuneCP5_13TeV-powheg-pythia8.root
skims/vbs_ww/2017/WJetsToLNu_HT-100To200_TuneCP5_13TeV-madgraphMLM-pythia8.root
skims/vbs_ww/2017/WJetsToLNu_HT-1200To2500_TuneCP5_13TeV-madgraphMLM-pythia8.root
skims/vbs_ww/2017/WJetsToLNu_HT-200To400_TuneCP5_13TeV-madgraphMLM-pythia8_01.root
skims/vbs_ww/2017/WJetsToLNu_HT-2500ToInf_TuneCP5_13TeV-madgraphMLM-pythia8.root
skims/vbs_ww/2017/WJetsToLNu_HT-400To600_TuneCP5_13TeV-madgraphMLM-pythia8_01.root
skims/vbs_ww/2017/WJetsToLNu_HT-600To800_TuneCP5_13TeV-madgraphMLM-pythia8.root
skims/vbs_ww/2017/WJetsToLNu_HT-70To100_TuneCP5_13TeV-madgraphMLM-pythia8_01.root
skims/vbs_ww/2017/WJetsToLNu_HT-800To1200_TuneCP5_13TeV-madgraphMLM-pythia8.root
skims/vbs_ww/2017/DYJetsToLL_M-50_HT-100to200_TuneCP5_13TeV-madgraphMLM-pythia8.root
skims/vbs_ww/2017/DYJetsToLL_M-50_HT-1200to2500_TuneCP5_13TeV-madgraphMLM-pythia8_01.root
skims/vbs_ww/2017/DYJetsToLL_M-50_HT-200to400_TuneCP5_13TeV-madgraphMLM-pythia8_01.root
skims/vbs_ww/2017/DYJetsToLL_M-50_HT-2500toInf_TuneCP5_13TeV-madgraphMLM-pythia8_01.root
skims/vbs_ww/2017/DYJetsToLL_M-50_HT-400to600_TuneCP5_13TeV-madgraphMLM-pythia8_01.root
skims/vbs_ww/2017/DYJetsToLL_M-50_HT-600to800_TuneCP5_13TeV-madgraphMLM-pythia8_01.root
skims/vbs_ww/2017/DYJetsToLL_M-50_HT-70to100_TuneCP5_13TeV-madgraphMLM-pythia8.root
skims/vbs_ww/2017/DYJetsToLL_M-50_HT-800to1200_TuneCP5_13TeV-madgraphMLM-pythia8_01.root
skims/vbs_ww/2018/WminusTo2JZTo2LJJ_QCD_LO_SM_MJJ100PTJ10_TuneCP5_13TeV-madgraph-pythia8.root
skims/vbs_ww/2018/WminusToLNuWminusTo2JJJ_QCD_LO_SM_MJJ100PTJ10_TuneCP5_13TeV-madgraph-pythia8.root
skims/vbs_ww/2018/WminusToLNuZTo2JJJ_QCD_LO_SM_MJJ100PTJ10_TuneCP5_13TeV-madgraph-pythia8.root
skims/vbs_ww/2018/WplusTo2JWminusToLNuJJ_QCD_LO_SM_MJJ100PTJ10_TuneCP5_13TeV.root
skims/vbs_ww/2018/WplusTo2JZTo2LJJ_QCD_LO_SM_MJJ100PTJ10_TuneCP5_13TeV-madgraph-pythia8.root
skims/vbs_ww/2018/WplusToLNuWminusTo2JJJ_QCD_LO_SM_MJJ100PTJ10_TuneCP5_13TeV.root
skims/vbs_ww/2018/WplusToLNuWplusTo2JJJ_QCD_LO_SM_MJJ100PTJ10_TuneCP5_13TeV-madgraph-pythia8.root
skims/vbs_ww/2018/WplusToLNuZTo2JJJ_QCD_LO_SM_MJJ100PTJ10_TuneCP5_13TeV-madgraph-pythia8.root
skims/vbs_ww/2018/ZTo2LZTo2JJJ_QCD_LO_SM_MJJ100PTJ10_TuneCP5_13TeV-madgraph-pythia8.root
skims/vbs_ww/2018/ST_s-channel_antitop_leptonDecays_13TeV-PSweights_powheg-pythia_01.root
skims/vbs_ww/2018/ST_s-channel_top_leptonDecays_13TeV-PSweights_powheg-pythia_01.root
skims/vbs_ww/2018/ST_t-channel_antitop_5f_TuneCP5_13TeV-powheg-pythia8_01.root
skims/vbs_ww/2018/ST_t-channel_top_5f_TuneCP5_13TeV-powheg-pythia8_01.root
skims/vbs_ww/2018/ST_tW_DS_antitop_5f_inclusiveDecays_TuneCP5_13TeV-powheg-pythia8_01.root
skims/vbs_ww/2018/ST_tW_DS_top_5f_inclusiveDecays_TuneCP5_13TeV-powheg-pythia8_01.root
skims/vbs_ww/2018/TTTo2L2Nu_TuneCP5_13TeV-powheg-pythia8.root
skims/vbs_ww/2018/TTToHadronic_TuneCP5_13TeV-powheg-pythia8.root
skims/vbs_ww/2018/TTToSemiLeptonic_TuneCP5_13TeV-powheg-pythia8.root
skims/vbs_ww/2018/WJetsToLNu_HT-100To200_TuneCP5_13TeV-madgraphMLM-pythia8.root
skims/vbs_ww/2018/WJetsToLNu_HT-1200To2500_TuneCP5_13TeV-madgraphMLM-pythia8_01.root
skims/vbs_ww/2018/WJetsToLNu_HT-200To400_TuneCP5_13TeV-madgraphMLM-pythia8.root
skims/vbs_ww/2018/WJetsToLNu_HT-2500ToInf_TuneCP5_13TeV-madgraphMLM-pythia8_01.root
skims/vbs_ww/2018/WJetsToLNu_HT-400To600_TuneCP5_13TeV-madgraphMLM-pythia8_01.root
skims/vbs_ww/2018/WJetsToLNu_HT-600To800_TuneCP5_13TeV-madgraphMLM-pythia8.root
skims/vbs_ww/2018/WJetsToLNu_HT-70To100_TuneCP5_13TeV-madgraphMLM-pythia8.root
skims/vbs_ww/2018/WJetsToLNu_HT-800To1200_TuneCP5_13TeV-madgraphMLM-pythia8_01.root
skims/vbs_ww/2018/DYJetsToLL_M-50_HT-100to200_TuneCP5_PSweights_13TeV-madgraphMLM-pythia8_01.root
skims/vbs_ww/2018/DYJetsToLL_M-50_HT-1200to2500_TuneCP5_PSweights_13TeV-madgraphMLM-pythia8_01.root
skims/vbs_ww/2018/DYJetsToLL_M-50_HT-200to400_TuneCP5_PSweights_13TeV-madgraphMLM-pythia8_01.root
skims/vbs_ww/2018/DYJetsToLL_M-50_HT-2500toInf_TuneCP5_PSweights_13TeV-madgraphMLM-pythia8_01.root
skims/vbs_ww/2018/DYJetsToLL_M-50_HT-400to600_TuneCP5_PSweights_13TeV-madgraphMLM-pythia8.root
skims/vbs_ww/2018/DYJetsToLL_M-50_HT-600to800_TuneCP5_PSweights_13TeV-madgraphMLM-pythia8_01.root
skims/vbs_ww/2018/DYJetsToLL_M-50_HT-70to100_TuneCP5_PSweights_13TeV-madgraphMLM-pythia8_01.root
skims/vbs_ww/2018/DYJetsToLL_M-50_HT-800to1200_TuneCP5_PSweights_13TeV-madgraphMLM-pythia8_01.root
