   ------------------------------------------------------------------
  | Welcome to ROOT 6.26/06                        https://root.cern |
  | (c) 1995-2021, The ROOT Team; conception: R. Brun, F. Rademakers |
  | Built for linuxx8664gcc on Jul 28 2022, 18:08:51                 |
  | From tags/v6-26-06@v6-26-06                                      |
  | With g++-11 (GCC) 11.3.0                                         |
  | Try '.help', '.demo', '.license', '.credits', '.quit'/'.q'       |
   ------------------------------------------------------------------


Processing tmvaMon.cc("TMVAoutput_boosted_full",137,dummy,"Run2_boosted_cutflow","datasets/plot_args/single_plot.xml","printCutflow",'r',"vbf_m")...
Using analysis directory TMVAoutput_boosted_full
--- plot_tmv: Using signal&bkg test trees from file: TMVAoutput_boosted_full_SBtmva.root
 Entries bkg :: test/train/test+train = 9567434/9567434/19134868
 Entries sgl :: test/train/test+train = 271410/271410/542820
 scale_sgl_tmva/scale_bkg_tmva = 0.5/0.5
 Entries data  = 688792
 Signal x-sect, fb / Generated signal events (normalized to Lum =  137 fb ) :: 2324.84/318503
 1.0 * lum_fbinv * PB2FB = 137000

anl Lum = 137
|--------------------------------------------------------------------------------------------------------------------|
|-----------------------|--------------|------------------------|----------------------------|-------------| 95% CL, |
|         Cut           |    DATA      |       Total_bkg        |      Total_sgl (accpt)     | S/sqrt(S+B) | exp(fb) |
|-----------------------|--------------|------------------------|----------------------------|-------------|---------|
|--------------------------------------------------------------------------------------------------------------------|
|                       |  688792    |    622264.2+/-425.7      |    3885.64+/-9.38 ( 1.22)    |    4.91    | 1148.44   |
|--------------------------------------------------------------------------------------------------------------------|
|--------------------------------------------------------------------------------------------------------------------|
|                       |  665561    |    595079.9+/-421.0      |    3682.48+/-9.25 ( 1.16)    |    4.76    | 1186.52   |
|--------------------------------------------------------------------------------------------------------------------|
|--------------------------------------------------------------------------------------------------------------------|
|                       |  417759    |    422125.3+/-367.1      |    2805.15+/-8.08 ( 0.88)    |    4.30    | 1322.75   |
|--------------------------------------------------------------------------------------------------------------------|
|--------------------------------------------------------------------------------------------------------------------|
|                       |  417759    |    422125.3+/-367.1      |    2805.15+/-8.08 ( 0.88)    |    4.30    | 1322.75   |
|--------------------------------------------------------------------------------------------------------------------|
|--------------------------------------------------------------------------------------------------------------------|
|                       |  417759    |    422125.3+/-367.1      |    2805.15+/-8.08 ( 0.88)    |    4.30    | 1322.75   |
|--------------------------------------------------------------------------------------------------------------------|
|--------------------------------------------------------------------------------------------------------------------|
|                       |  409862    |    414584.0+/-364.1      |    2764.81+/-8.03 ( 0.87)    |    4.28    | 1330.08   |
|--------------------------------------------------------------------------------------------------------------------|
|--------------------------------------------------------------------------------------------------------------------|
|                       |  405415    |    409724.7+/-361.8      |    2736.03+/-7.99 ( 0.86)    |    4.26    | 1335.94   |
|--------------------------------------------------------------------------------------------------------------------|
|--------------------------------------------------------------------------------------------------------------------|
|                       |  404933    |    402740.9+/-357.0      |    2707.53+/-7.95 ( 0.85)    |    4.25    | 1335.94   |
|--------------------------------------------------------------------------------------------------------------------|
|--------------------------------------------------------------------------------------------------------------------|
|                       |  404933    |    402740.9+/-357.0      |    2707.53+/-7.95 ( 0.85)    |    4.25    | 1335.94   |
|--------------------------------------------------------------------------------------------------------------------|
|--------------------------------------------------------------------------------------------------------------------|
|                       |  296900    |    302308.9+/-302.5      |    2367.16+/-7.45 ( 0.74)    |    4.29    | 1317.63   |
|--------------------------------------------------------------------------------------------------------------------|
|--------------------------------------------------------------------------------------------------------------------|
|                       |  261956    |    269334.4+/-285.6      |    2095.06+/-7.04 ( 0.66)    |    4.02    | 1404.79   |
|--------------------------------------------------------------------------------------------------------------------|
|--------------------------------------------------------------------------------------------------------------------|
|                       |   49480    |    50851.5+/-160.1      |    619.41+/-3.85 ( 0.19)    |    2.73    | 2219.24   |
|--------------------------------------------------------------------------------------------------------------------|
|--------------------------------------------------------------------------------------------------------------------|
|                       |   49480    |    50851.5+/-160.1      |    619.41+/-3.85 ( 0.19)    |    2.73    | 2219.24   |
|--------------------------------------------------------------------------------------------------------------------|
|--------------------------------------------------------------------------------------------------------------------|
|                       |   47851    |    48841.1+/-159.5      |    594.97+/-3.77 ( 0.19)    |    2.68    | 2279.30   |
|--------------------------------------------------------------------------------------------------------------------|
|--------------------------------------------------------------------------------------------------------------------|
|                       |   18889    |    18500.3+/-81.5      |    392.93+/-3.12 ( 0.12)    |    2.86    | 2006.84   |
|--------------------------------------------------------------------------------------------------------------------|
|--------------------------------------------------------------------------------------------------------------------|
|                       |   10233    |    10263.5+/-59.1      |    318.81+/-2.74 ( 0.10)    |    3.10    | 1828.61   |
|--------------------------------------------------------------------------------------------------------------------|
