
   ------------------------------------------------------------------
  | Welcome to ROOT 6.26/06                        https://root.cern |
  | (c) 1995-2021, The ROOT Team; conception: R. Brun, F. Rademakers |
  | Built for linuxx8664gcc on Jul 28 2022, 18:08:51                 |
  | From tags/v6-26-06@v6-26-06                                      |
  | With g++-11 (GCC) 11.3.0                                         |
  | Try '.help', '.demo', '.license', '.credits', '.quit'/'.q'       |
   ------------------------------------------------------------------


Processing tmvaMon.cc("TMVAoutput_resolved_full",137,dummy,"Run2_resolved_cutflow","datasets/plot_args/single_plot.xml","printCutflow",'r',"vbf_m")...
Using analysis directory TMVAoutput_resolved_full
--- plot_tmv: Using signal&bkg test trees from file: TMVAoutput_resolved_full_SBtmva.root
 Entries bkg :: test/train/test+train = 33920669/33920669/67841338
 Entries sgl :: test/train/test+train = 1434861/1434861/2869722
 scale_sgl_tmva/scale_bkg_tmva = 0.5/0.5
 Entries data  = 6986796
 Signal x-sect, fb / Generated signal events (normalized to Lum =  137 fb ) :: 2324.84/318503
 1.0 * lum_fbinv * PB2FB = 137000

anl Lum = 137
|--------------------------------------------------------------------------------------------------------------------|
|-----------------------|--------------|------------------------|----------------------------|-------------| 95% CL, |
|         Cut           |    DATA      |       Total_bkg        |      Total_sgl (accpt)     | S/sqrt(S+B) | exp(fb) |
|-----------------------|--------------|------------------------|----------------------------|-------------|---------|
|--------------------------------------------------------------------------------------------------------------------|
|                       |  6986796    |    5691885.5+/-2944.7      |    20680.08+/-21.22 ( 6.49)    |    8.65    | 911.13   |
|--------------------------------------------------------------------------------------------------------------------|
|--------------------------------------------------------------------------------------------------------------------|
|                       |  6069645    |    4675127.0+/-2859.6      |    16018.93+/-18.89 ( 5.03)    |    7.40    | 1105.47   |
|--------------------------------------------------------------------------------------------------------------------|
|--------------------------------------------------------------------------------------------------------------------|
|                       |  3718340    |    3406832.0+/-2534.4      |    12098.77+/-16.37 ( 3.80)    |    6.54    | 1289.06   |
|--------------------------------------------------------------------------------------------------------------------|
|--------------------------------------------------------------------------------------------------------------------|
|                       |  3718340    |    3406832.0+/-2534.4      |    12098.77+/-16.37 ( 3.80)    |    6.54    | 1289.06   |
|--------------------------------------------------------------------------------------------------------------------|
|--------------------------------------------------------------------------------------------------------------------|
|                       |  3718340    |    3406832.0+/-2534.4      |    12098.77+/-16.37 ( 3.80)    |    6.54    | 1289.06   |
|--------------------------------------------------------------------------------------------------------------------|
|--------------------------------------------------------------------------------------------------------------------|
|                       |  3608239    |    3339387.5+/-2513.2      |    11867.76+/-16.18 ( 3.73)    |    6.48    | 1302.25   |
|--------------------------------------------------------------------------------------------------------------------|
|--------------------------------------------------------------------------------------------------------------------|
|                       |  3566733    |    3300038.2+/-2497.8      |    11737.02+/-16.09 ( 3.69)    |    6.45    | 1308.11   |
|--------------------------------------------------------------------------------------------------------------------|
|--------------------------------------------------------------------------------------------------------------------|
|                       |  3566732    |    3121378.2+/-2400.6      |    11227.70+/-15.75 ( 3.53)    |    6.34    | 1319.82   |
|--------------------------------------------------------------------------------------------------------------------|
|--------------------------------------------------------------------------------------------------------------------|
|                       |  2899665    |    2596294.8+/-2154.1      |    9316.91+/-14.32 ( 2.93)    |    5.77    | 1434.08   |
|--------------------------------------------------------------------------------------------------------------------|
|--------------------------------------------------------------------------------------------------------------------|
|                       |  985427    |    782377.2+/-1631.7      |    2406.97+/-7.29 ( 0.76)    |    2.72    | 3811.04   |
|--------------------------------------------------------------------------------------------------------------------|
|--------------------------------------------------------------------------------------------------------------------|
|                       |  985427    |    782377.2+/-1631.7      |    2406.97+/-7.29 ( 0.76)    |    2.72    | 3811.04   |
|--------------------------------------------------------------------------------------------------------------------|
|--------------------------------------------------------------------------------------------------------------------|
|                       |  980303    |    773421.9+/-1630.6      |    2363.17+/-7.23 ( 0.74)    |    2.68    | 3872.56   |
|--------------------------------------------------------------------------------------------------------------------|
|--------------------------------------------------------------------------------------------------------------------|
|                       |  188359    |    191397.3+/-611.5      |    1418.08+/-5.63 ( 0.45)    |    3.23    | 2636.72   |
|--------------------------------------------------------------------------------------------------------------------|
|--------------------------------------------------------------------------------------------------------------------|
|                       |  107855    |    110457.1+/-458.9      |    1079.78+/-4.87 ( 0.34)    |    3.23    | 2610.35   |
|--------------------------------------------------------------------------------------------------------------------|
