   ------------------------------------------------------------------
  | Welcome to ROOT 6.24/02                        https://root.cern |
  | (c) 1995-2021, The ROOT Team; conception: R. Brun, F. Rademakers |
  | Built for linuxx8664gcc on Feb 15 2022, 19:06:00                 |
  | From heads/latest-stable@v6-24-02-2-g0173f51a8c                  |
  | With                                                             |
  | Try '.help', '.demo', '.license', '.credits', '.quit'/'.q'       |
   ------------------------------------------------------------------


Processing tmvaMon.cc("vbs_ww_Run2_Summed",59.74,full_wv_sr+tau21_cut+qgid_cut,"Run2_Summed_optCut_BDT","datasets/plot_args/MVA_variables.xml","optCutScan",'r',"BDT")...
Using analysis directory vbs_ww_Run2_Summed
--- plot_tmv: Using signal&bkg test trees from file: vbs_ww_Run2_Summed_SBtmva.root
 Entries bkg :: test/train/test+train = 154766/154766/309532
 Entries sgl :: test/train/test+train = 21554/21554/43108
 scale_sgl_tmva/scale_bkg_tmva = 0.5/0.5
 Entries data  = 7314424
 Signal x-sect, fb / Generated signal events (normalized to Lum =  59.74 fb ) :: 2324.84/138886
 1.0 * lum_fbinv * PB2FB = 59740

anl Lum = 59.74
BDT :: point/step/cutval/significance  = 1/0.1/-1/3.05739
BDT :: point/step/cutval/significance  = 2/0.1/-0.9/3.05739
BDT :: point/step/cutval/significance  = 3/0.1/-0.8/3.05739
BDT :: point/step/cutval/significance  = 4/0.1/-0.7/3.05739
BDT :: point/step/cutval/significance  = 5/0.1/-0.6/3.05739
BDT :: point/step/cutval/significance  = 6/0.1/-0.5/3.05751
BDT :: point/step/cutval/significance  = 7/0.1/-0.4/3.06041
BDT :: point/step/cutval/significance  = 8/0.1/-0.3/3.12082
BDT :: point/step/cutval/significance  = 9/0.1/-0.2/3.45076
BDT :: point/step/cutval/significance  = 10/0.1/-0.1/4.14788
BDT :: point/step/cutval/significance  = 11/0.1/0/4.97051
BDT :: point/step/cutval/significance  = 12/0.1/0.1/5.20452
BDT :: point/step/cutval/significance  = 13/0.1/0.2/3.66723
BDT :: point/step/cutval/significance  = 14/0.1/0.3/1.12682
BDT :: point/step/cutval/significance  = 15/0.1/0.4/0
BDT :: point/step/cutval/significance  = 16/0.1/0.5/0
BDT :: point/step/cutval/significance  = 17/0.1/0.6/0
BDT :: point/step/cutval/significance  = 18/0.1/0.7/0
BDT :: point/step/cutval/significance  = 19/0.1/0.8/0
BDT :: point/step/cutval/significance  = 20/0.1/0.9/0
BDT :: point/step/cutval/significance  = 1/0.02/2.23517e-08/4.97051
BDT :: point/step/cutval/significance  = 2/0.02/0.02/5.11316
BDT :: point/step/cutval/significance  = 3/0.02/0.04/5.18976
BDT :: point/step/cutval/significance  = 4/0.02/0.06/5.24147
BDT :: point/step/cutval/significance  = 5/0.02/0.08/5.27208
BDT :: point/step/cutval/significance  = 6/0.02/0.1/5.20452
BDT :: point/step/cutval/significance  = 7/0.02/0.12/5.10934
BDT :: point/step/cutval/significance  = 8/0.02/0.14/4.86667
BDT :: point/step/cutval/significance  = 9/0.02/0.16/4.6189
BDT :: point/step/cutval/significance  = 10/0.02/0.18/4.11983
BDT :: point/step/cutval/significance  = 1/0.004/0.06/5.24147
BDT :: point/step/cutval/significance  = 2/0.004/0.064/5.26325
BDT :: point/step/cutval/significance  = 3/0.004/0.068/5.25081
BDT :: point/step/cutval/significance  = 4/0.004/0.072/5.26504
BDT :: point/step/cutval/significance  = 5/0.004/0.076/5.28423
BDT :: point/step/cutval/significance  = 6/0.004/0.08/5.27208
BDT :: point/step/cutval/significance  = 7/0.004/0.084/5.30759
BDT :: point/step/cutval/significance  = 8/0.004/0.088/5.26881
BDT :: point/step/cutval/significance  = 9/0.004/0.092/5.24394
BDT :: point/step/cutval/significance  = 10/0.004/0.096/5.23028
BDT :: point/step/cutval/significance  = 1/0.0008/0.08/5.27208
BDT :: point/step/cutval/significance  = 2/0.0008/0.0808/5.27331
BDT :: point/step/cutval/significance  = 3/0.0008/0.0816/5.29305
BDT :: point/step/cutval/significance  = 4/0.0008/0.0824/5.30886
BDT :: point/step/cutval/significance  = 5/0.0008/0.0832/5.30936
BDT :: point/step/cutval/significance  = 6/0.0008/0.084/5.30759
BDT :: point/step/cutval/significance  = 7/0.0008/0.0848/5.30082
BDT :: point/step/cutval/significance  = 8/0.0008/0.0856/5.28843
BDT :: point/step/cutval/significance  = 9/0.0008/0.0864/5.26743
BDT :: point/step/cutval/significance  = 10/0.0008/0.0872/5.26299
bestcut/sgf  = 0.0832/5.30936
   ------------------------------------------------------------------
  | Welcome to ROOT 6.24/02                        https://root.cern |
  | (c) 1995-2021, The ROOT Team; conception: R. Brun, F. Rademakers |
  | Built for linuxx8664gcc on Feb 15 2022, 19:06:00                 |
  | From heads/latest-stable@v6-24-02-2-g0173f51a8c                  |
  | With                                                             |
  | Try '.help', '.demo', '.license', '.credits', '.quit'/'.q'       |
   ------------------------------------------------------------------


Processing tmvaMon.cc("vbs_ww_Run2_Summed",137,full_wv_sr+tau21_cut+qgid_cut,"Run2_Summed_optCut_DNN","datasets/plot_args/MVA_variables.xml","optCutScan",'r',"DNN_GPU")...
Using analysis directory vbs_ww_Run2_Summed
--- plot_tmv: Using signal&bkg test trees from file: vbs_ww_Run2_Summed_SBtmva.root
 Entries bkg :: test/train/test+train = 154766/154766/309532
 Entries sgl :: test/train/test+train = 21554/21554/43108
 scale_sgl_tmva/scale_bkg_tmva = 0.5/0.5
 Entries data  = 7314424
 Signal x-sect, fb / Generated signal events (normalized to Lum =  137 fb ) :: 2324.84/318503
 1.0 * lum_fbinv * PB2FB = 137000

anl Lum = 137
DNN_GPU :: point/step/cutval/significance  = 1/0.1/-1/3.05739
DNN_GPU :: point/step/cutval/significance  = 2/0.1/-0.9/3.05739
DNN_GPU :: point/step/cutval/significance  = 3/0.1/-0.8/3.05739
DNN_GPU :: point/step/cutval/significance  = 4/0.1/-0.7/3.05739
DNN_GPU :: point/step/cutval/significance  = 5/0.1/-0.6/3.05739
DNN_GPU :: point/step/cutval/significance  = 6/0.1/-0.5/3.05739
DNN_GPU :: point/step/cutval/significance  = 7/0.1/-0.4/3.05739
DNN_GPU :: point/step/cutval/significance  = 8/0.1/-0.3/3.05739
DNN_GPU :: point/step/cutval/significance  = 9/0.1/-0.2/3.05739
DNN_GPU :: point/step/cutval/significance  = 10/0.1/-0.1/3.05739
DNN_GPU :: point/step/cutval/significance  = 11/0.1/0/3.05739
DNN_GPU :: point/step/cutval/significance  = 12/0.1/0.1/5.27169
DNN_GPU :: point/step/cutval/significance  = 13/0.1/0.2/4.94778
DNN_GPU :: point/step/cutval/significance  = 14/0.1/0.3/4.40907
DNN_GPU :: point/step/cutval/significance  = 15/0.1/0.4/3.78873
DNN_GPU :: point/step/cutval/significance  = 16/0.1/0.5/3.06802
DNN_GPU :: point/step/cutval/significance  = 17/0.1/0.6/1.8143
DNN_GPU :: point/step/cutval/significance  = 18/0.1/0.7/0.660208
DNN_GPU :: point/step/cutval/significance  = 19/0.1/0.8/0.11943
DNN_GPU :: point/step/cutval/significance  = 20/0.1/0.9/0
DNN_GPU :: point/step/cutval/significance  = 1/0.02/2.23517e-08/3.05739
DNN_GPU :: point/step/cutval/significance  = 2/0.02/0.02/4.39948
DNN_GPU :: point/step/cutval/significance  = 3/0.02/0.04/4.90972
DNN_GPU :: point/step/cutval/significance  = 4/0.02/0.06/5.1627
DNN_GPU :: point/step/cutval/significance  = 5/0.02/0.08/5.2803
DNN_GPU :: point/step/cutval/significance  = 6/0.02/0.1/5.27169
DNN_GPU :: point/step/cutval/significance  = 7/0.02/0.12/5.28957
DNN_GPU :: point/step/cutval/significance  = 8/0.02/0.14/5.21108
DNN_GPU :: point/step/cutval/significance  = 9/0.02/0.16/5.1414
DNN_GPU :: point/step/cutval/significance  = 10/0.02/0.18/5.05529
DNN_GPU :: point/step/cutval/significance  = 1/0.004/0.1/5.27169
DNN_GPU :: point/step/cutval/significance  = 2/0.004/0.104/5.26348
DNN_GPU :: point/step/cutval/significance  = 3/0.004/0.108/5.26821
DNN_GPU :: point/step/cutval/significance  = 4/0.004/0.112/5.27931
DNN_GPU :: point/step/cutval/significance  = 5/0.004/0.116/5.28318
DNN_GPU :: point/step/cutval/significance  = 6/0.004/0.12/5.28957
DNN_GPU :: point/step/cutval/significance  = 7/0.004/0.124/5.28339
DNN_GPU :: point/step/cutval/significance  = 8/0.004/0.128/5.25964
DNN_GPU :: point/step/cutval/significance  = 9/0.004/0.132/5.25289
DNN_GPU :: point/step/cutval/significance  = 1/0.0008/0.116/5.28318
DNN_GPU :: point/step/cutval/significance  = 2/0.0008/0.1168/5.29811
DNN_GPU :: point/step/cutval/significance  = 3/0.0008/0.1176/5.29746
DNN_GPU :: point/step/cutval/significance  = 4/0.0008/0.1184/5.29202
DNN_GPU :: point/step/cutval/significance  = 5/0.0008/0.1192/5.29253
DNN_GPU :: point/step/cutval/significance  = 6/0.0008/0.12/5.28957
DNN_GPU :: point/step/cutval/significance  = 7/0.0008/0.1208/5.28881
DNN_GPU :: point/step/cutval/significance  = 8/0.0008/0.1216/5.28433
DNN_GPU :: point/step/cutval/significance  = 9/0.0008/0.1224/5.28351
DNN_GPU :: point/step/cutval/significance  = 10/0.0008/0.1232/5.28483
bestcut/sgf  = 0.1168/5.29811
   ------------------------------------------------------------------
  | Welcome to ROOT 6.24/02                        https://root.cern |
  | (c) 1995-2021, The ROOT Team; conception: R. Brun, F. Rademakers |
  | Built for linuxx8664gcc on Feb 15 2022, 19:06:00                 |
  | From heads/latest-stable@v6-24-02-2-g0173f51a8c                  |
  | With                                                             |
  | Try '.help', '.demo', '.license', '.credits', '.quit'/'.q'       |
   ------------------------------------------------------------------


Processing tmvaMon.cc("vbs_ww_Run2_Summed",137,full_wv_sr+tau21_cut+qgid_cut+BDT_cut_Run2_Summed,"Summed_BDT","datasets/plot_args/MVA_variables.xml","cplots",'r',"lep1_pt")...
Using analysis directory vbs_ww_Run2_Summed
--- plot_tmv: Using signal&bkg test trees from file: vbs_ww_Run2_Summed_SBtmva.root
 Entries bkg :: test/train/test+train = 154766/154766/309532
 Entries sgl :: test/train/test+train = 21554/21554/43108
 scale_sgl_tmva/scale_bkg_tmva = 0.5/0.5
 Entries data  = 7314424
 Signal x-sect, fb / Generated signal events (normalized to Lum =  137 fb ) :: 2324.84/318503
 1.0 * lum_fbinv * PB2FB = 137000

anl Lum = 137
|--------------------------------------------------------------------------------------------------------------------|
|            full_wv_sr |     475    |    412.8+/-10.6      |    122.91+/-1.58 ( 0.04)    |    5.31    | 915.53   |
|--------------------------------------------------------------------------------------------------------------------|
|--------------------------------------------------------------------------------------------------------------------|
|            full_wv_sr |     475    |    412.8+/-10.6      |    122.91+/-1.58 ( 0.04)    |    5.31    | 915.53   |
|--------------------------------------------------------------------------------------------------------------------|
|--------------------------------------------------------------------------------------------------------------------|
|            full_wv_sr |     475    |    412.8+/-10.6      |    122.91+/-1.58 ( 0.04)    |    5.31    | 915.53   |
|--------------------------------------------------------------------------------------------------------------------|
|--------------------------------------------------------------------------------------------------------------------|
|            full_wv_sr |     475    |    412.8+/-10.6      |    122.91+/-1.58 ( 0.04)    |    5.31    | 915.53   |
|--------------------------------------------------------------------------------------------------------------------|
|--------------------------------------------------------------------------------------------------------------------|
|            full_wv_sr |     475    |    412.8+/-10.6      |    122.91+/-1.58 ( 0.04)    |    5.31    | 915.53   |
|--------------------------------------------------------------------------------------------------------------------|
|--------------------------------------------------------------------------------------------------------------------|
|            full_wv_sr |     475    |    412.8+/-10.6      |    122.91+/-1.58 ( 0.04)    |    5.31    | 915.53   |
|--------------------------------------------------------------------------------------------------------------------|
|--------------------------------------------------------------------------------------------------------------------|
|            full_wv_sr |     475    |    412.8+/-10.6      |    122.91+/-1.58 ( 0.04)    |    5.31    | 915.53   |
|--------------------------------------------------------------------------------------------------------------------|
|--------------------------------------------------------------------------------------------------------------------|
|            full_wv_sr |     475    |    412.8+/-10.6      |    122.91+/-1.58 ( 0.04)    |    5.31    | 915.53   |
|--------------------------------------------------------------------------------------------------------------------|
|--------------------------------------------------------------------------------------------------------------------|
|            full_wv_sr |     475    |    412.8+/-10.6      |    122.91+/-1.58 ( 0.04)    |    5.31    | 915.53   |
|--------------------------------------------------------------------------------------------------------------------|
|--------------------------------------------------------------------------------------------------------------------|
|            full_wv_sr |     475    |    412.8+/-10.6      |    122.91+/-1.58 ( 0.04)    |    5.31    | 915.53   |
|--------------------------------------------------------------------------------------------------------------------|
|--------------------------------------------------------------------------------------------------------------------|
|            full_wv_sr |     475    |    412.8+/-10.6      |    122.91+/-1.58 ( 0.04)    |    5.31    | 915.53   |
|--------------------------------------------------------------------------------------------------------------------|
|--------------------------------------------------------------------------------------------------------------------|
|            full_wv_sr |     475    |    412.8+/-10.6      |    122.91+/-1.58 ( 0.04)    |    5.31    | 915.53   |
|--------------------------------------------------------------------------------------------------------------------|
|--------------------------------------------------------------------------------------------------------------------|
|            full_wv_sr |     475    |    412.8+/-10.6      |    122.91+/-1.58 ( 0.04)    |    5.31    | 915.53   |
|--------------------------------------------------------------------------------------------------------------------|
|--------------------------------------------------------------------------------------------------------------------|
|            full_wv_sr |     475    |    412.8+/-10.6      |    122.91+/-1.58 ( 0.04)    |    5.31    | 915.53   |
|--------------------------------------------------------------------------------------------------------------------|
|--------------------------------------------------------------------------------------------------------------------|
|            full_wv_sr |     475    |    412.8+/-10.6      |    122.91+/-1.58 ( 0.04)    |    5.31    | 915.53   |
|--------------------------------------------------------------------------------------------------------------------|
|--------------------------------------------------------------------------------------------------------------------|
|            full_wv_sr |     475    |    412.8+/-10.6      |    122.91+/-1.58 ( 0.04)    |    5.31    | 915.53   |
|--------------------------------------------------------------------------------------------------------------------|
|--------------------------------------------------------------------------------------------------------------------|
|            full_wv_sr |     475    |    412.8+/-10.6      |    122.91+/-1.58 ( 0.04)    |    5.31    | 915.53   |
|--------------------------------------------------------------------------------------------------------------------|
|--------------------------------------------------------------------------------------------------------------------|
|            full_wv_sr |     475    |    412.8+/-10.6      |    122.91+/-1.58 ( 0.04)    |    5.31    | 915.53   |
|--------------------------------------------------------------------------------------------------------------------|
|--------------------------------------------------------------------------------------------------------------------|
|            full_wv_sr |     475    |    412.8+/-10.6      |    122.91+/-1.58 ( 0.04)    |    5.31    | 915.53   |
|--------------------------------------------------------------------------------------------------------------------|
|--------------------------------------------------------------------------------------------------------------------|
|            full_wv_sr |     475    |    412.8+/-10.6      |    122.91+/-1.58 ( 0.04)    |    5.31    | 915.53   |
|--------------------------------------------------------------------------------------------------------------------|
|--------------------------------------------------------------------------------------------------------------------|
|            full_wv_sr |     475    |    412.8+/-10.6      |    122.91+/-1.58 ( 0.04)    |    5.31    | 915.53   |
|--------------------------------------------------------------------------------------------------------------------|
   ------------------------------------------------------------------
  | Welcome to ROOT 6.24/02                        https://root.cern |
  | (c) 1995-2021, The ROOT Team; conception: R. Brun, F. Rademakers |
  | Built for linuxx8664gcc on Feb 15 2022, 19:06:00                 |
  | From heads/latest-stable@v6-24-02-2-g0173f51a8c                  |
  | With                                                             |
  | Try '.help', '.demo', '.license', '.credits', '.quit'/'.q'       |
   ------------------------------------------------------------------


Processing tmvaMon.cc("vbs_ww_Run2_Summed",137,full_wv_sr+tau21_cut+qgid_cut+DNN_GPU_cut_Run2_Summed,"Summed_DNN","datasets/plot_args/MVA_variables.xml","cplots",'r',"lep1_pt")...
   ------------------------------------------------------------------
  | Welcome to ROOT 6.24/02                        https://root.cern |
  | (c) 1995-2021, The ROOT Team; conception: R. Brun, F. Rademakers |
  | Built for linuxx8664gcc on Feb 15 2022, 19:06:00                 |
  | From heads/latest-stable@v6-24-02-2-g0173f51a8c                  |
  | With                                                             |
  | Try '.help', '.demo', '.license', '.credits', '.quit'/'.q'       |
   ------------------------------------------------------------------


Processing tmvaMon.cc("vbs_ww_Run2_Summed",137,full_wv_sr+tau21_cut+qgid_cut+DNN_cut_Run2_Summed,"Summed_DNN","datasets/plot_args/MVA_variables.xml","cplots",'r',"lep1_pt")...
Using analysis directory vbs_ww_Run2_Summed
--- plot_tmv: Using signal&bkg test trees from file: vbs_ww_Run2_Summed_SBtmva.root
 Entries bkg :: test/train/test+train = 154766/154766/309532
 Entries sgl :: test/train/test+train = 21554/21554/43108
 scale_sgl_tmva/scale_bkg_tmva = 0.5/0.5
 Entries data  = 7314424
 Signal x-sect, fb / Generated signal events (normalized to Lum =  137 fb ) :: 2324.84/318503
 1.0 * lum_fbinv * PB2FB = 137000

anl Lum = 137
|--------------------------------------------------------------------------------------------------------------------|
|            full_wv_sr |     519    |    427.1+/-9.8      |    124.49+/-1.62 ( 0.04)    |    5.30    | 912.60   |
|--------------------------------------------------------------------------------------------------------------------|
|--------------------------------------------------------------------------------------------------------------------|
|            full_wv_sr |     519    |    427.1+/-9.8      |    124.49+/-1.62 ( 0.04)    |    5.30    | 912.60   |
|--------------------------------------------------------------------------------------------------------------------|
|--------------------------------------------------------------------------------------------------------------------|
|            full_wv_sr |     519    |    427.1+/-9.8      |    124.49+/-1.62 ( 0.04)    |    5.30    | 912.60   |
|--------------------------------------------------------------------------------------------------------------------|
|--------------------------------------------------------------------------------------------------------------------|
|            full_wv_sr |     519    |    427.1+/-9.8      |    124.49+/-1.62 ( 0.04)    |    5.30    | 912.60   |
|--------------------------------------------------------------------------------------------------------------------|
|--------------------------------------------------------------------------------------------------------------------|
|            full_wv_sr |     519    |    427.1+/-9.8      |    124.49+/-1.62 ( 0.04)    |    5.30    | 912.60   |
|--------------------------------------------------------------------------------------------------------------------|
|--------------------------------------------------------------------------------------------------------------------|
|            full_wv_sr |     519    |    427.1+/-9.8      |    124.49+/-1.62 ( 0.04)    |    5.30    | 912.60   |
|--------------------------------------------------------------------------------------------------------------------|
|--------------------------------------------------------------------------------------------------------------------|
|            full_wv_sr |     519    |    427.1+/-9.8      |    124.49+/-1.62 ( 0.04)    |    5.30    | 912.60   |
|--------------------------------------------------------------------------------------------------------------------|
|--------------------------------------------------------------------------------------------------------------------|
|            full_wv_sr |     519    |    427.1+/-9.8      |    124.49+/-1.62 ( 0.04)    |    5.30    | 912.60   |
|--------------------------------------------------------------------------------------------------------------------|
|--------------------------------------------------------------------------------------------------------------------|
|            full_wv_sr |     519    |    427.1+/-9.8      |    124.49+/-1.62 ( 0.04)    |    5.30    | 912.60   |
|--------------------------------------------------------------------------------------------------------------------|
|--------------------------------------------------------------------------------------------------------------------|
|            full_wv_sr |     519    |    427.1+/-9.8      |    124.49+/-1.62 ( 0.04)    |    5.30    | 912.60   |
|--------------------------------------------------------------------------------------------------------------------|
|--------------------------------------------------------------------------------------------------------------------|
|            full_wv_sr |     519    |    427.1+/-9.8      |    124.49+/-1.62 ( 0.04)    |    5.30    | 912.60   |
|--------------------------------------------------------------------------------------------------------------------|
|--------------------------------------------------------------------------------------------------------------------|
|            full_wv_sr |     519    |    427.1+/-9.8      |    124.49+/-1.62 ( 0.04)    |    5.30    | 912.60   |
|--------------------------------------------------------------------------------------------------------------------|
|--------------------------------------------------------------------------------------------------------------------|
|            full_wv_sr |     519    |    427.1+/-9.8      |    124.49+/-1.62 ( 0.04)    |    5.30    | 912.60   |
|--------------------------------------------------------------------------------------------------------------------|
|--------------------------------------------------------------------------------------------------------------------|
|            full_wv_sr |     519    |    427.1+/-9.8      |    124.49+/-1.62 ( 0.04)    |    5.30    | 912.60   |
|--------------------------------------------------------------------------------------------------------------------|
|--------------------------------------------------------------------------------------------------------------------|
|            full_wv_sr |     519    |    427.1+/-9.8      |    124.49+/-1.62 ( 0.04)    |    5.30    | 912.60   |
|--------------------------------------------------------------------------------------------------------------------|
|--------------------------------------------------------------------------------------------------------------------|
|            full_wv_sr |     519    |    427.1+/-9.8      |    124.49+/-1.62 ( 0.04)    |    5.30    | 912.60   |
|--------------------------------------------------------------------------------------------------------------------|
|--------------------------------------------------------------------------------------------------------------------|
|            full_wv_sr |     519    |    427.1+/-9.8      |    124.49+/-1.62 ( 0.04)    |    5.30    | 912.60   |
|--------------------------------------------------------------------------------------------------------------------|
|--------------------------------------------------------------------------------------------------------------------|
|            full_wv_sr |     519    |    427.1+/-9.8      |    124.49+/-1.62 ( 0.04)    |    5.30    | 912.60   |
|--------------------------------------------------------------------------------------------------------------------|
|--------------------------------------------------------------------------------------------------------------------|
|            full_wv_sr |     519    |    427.1+/-9.8      |    124.49+/-1.62 ( 0.04)    |    5.30    | 912.60   |
|--------------------------------------------------------------------------------------------------------------------|
|--------------------------------------------------------------------------------------------------------------------|
|            full_wv_sr |     519    |    427.1+/-9.8      |    124.49+/-1.62 ( 0.04)    |    5.30    | 912.60   |
|--------------------------------------------------------------------------------------------------------------------|
|--------------------------------------------------------------------------------------------------------------------|
|            full_wv_sr |     519    |    427.1+/-9.8      |    124.49+/-1.62 ( 0.04)    |    5.30    | 912.60   |
|--------------------------------------------------------------------------------------------------------------------|
   ------------------------------------------------------------------
  | Welcome to ROOT 6.24/02                        https://root.cern |
  | (c) 1995-2021, The ROOT Team; conception: R. Brun, F. Rademakers |
  | Built for linuxx8664gcc on Feb 15 2022, 19:06:00                 |
  | From heads/latest-stable@v6-24-02-2-g0173f51a8c                  |
  | With                                                             |
  | Try '.help', '.demo', '.license', '.credits', '.quit'/'.q'       |
   ------------------------------------------------------------------


Processing tmvaMon.cc("vbs_ww_Run2_Summed",137,full_wv_sr+tau21_cut+qgid_cut+BDT_cut_Run2_Summed,"Summed_BDT","datasets/plot_args/MVA_variables.xml","cplots",'r',"lep1_pt")...
   ------------------------------------------------------------------
  | Welcome to ROOT 6.24/02                        https://root.cern |
  | (c) 1995-2021, The ROOT Team; conception: R. Brun, F. Rademakers |
  | Built for linuxx8664gcc on Feb 15 2022, 19:06:00                 |
  | From heads/latest-stable@v6-24-02-2-g0173f51a8c                  |
  | With                                                             |
  | Try '.help', '.demo', '.license', '.credits', '.quit'/'.q'       |
   ------------------------------------------------------------------


Processing tmvaMon.cc("vbs_ww_Run2_Summed",137,full_wv_sr+tau21_cut+qgid_cut+DNN_cut_Run2_Summed,"Summed_DNN","datasets/plot_args/MVA_variables.xml","cplots",'r',"lep1_pt")...
   ------------------------------------------------------------------
  | Welcome to ROOT 6.24/02                        https://root.cern |
  | (c) 1995-2021, The ROOT Team; conception: R. Brun, F. Rademakers |
  | Built for linuxx8664gcc on Feb 15 2022, 19:06:00                 |
  | From heads/latest-stable@v6-24-02-2-g0173f51a8c                  |
  | With                                                             |
  | Try '.help', '.demo', '.license', '.credits', '.quit'/'.q'       |
   ------------------------------------------------------------------


Processing tmvaMon.cc("vbs_ww_Run2_Summed",137,full_wv_sr+tau21_cut+qgid_cut+BDT_cut_Run2_Summed,"Summed_BDT","datasets/plot_args/MVA_variables.xml","cplots",'r',"lep1_pt")...
   ------------------------------------------------------------------
  | Welcome to ROOT 6.24/02                        https://root.cern |
  | (c) 1995-2021, The ROOT Team; conception: R. Brun, F. Rademakers |
  | Built for linuxx8664gcc on Feb 15 2022, 19:06:00                 |
  | From heads/latest-stable@v6-24-02-2-g0173f51a8c                  |
  | With                                                             |
  | Try '.help', '.demo', '.license', '.credits', '.quit'/'.q'       |
   ------------------------------------------------------------------


Processing tmvaMon.cc("vbs_ww_Run2_Summed",137,full_wv_sr+tau21_cut+qgid_cut+DNN_cut_Run2_Summed,"Summed_DNN","datasets/plot_args/MVA_variables.xml","cplots",'r',"lep1_pt")...
