   ------------------------------------------------------------------
  | Welcome to ROOT 6.26/06                        https://root.cern |
  | (c) 1995-2021, The ROOT Team; conception: R. Brun, F. Rademakers |
  | Built for linuxx8664gcc on Jul 28 2022, 18:08:51                 |
  | From tags/v6-26-06@v6-26-06                                      |
  | With g++-11 (GCC) 11.3.0                                         |
  | Try '.help', '.demo', '.license', '.credits', '.quit'/'.q'       |
   ------------------------------------------------------------------


Processing tmvaMon.cc("TMVAoutput_boosted",137,full_wv_sr+cleanNAN_tau+cleanNAN_qgid,"Run2_boosted_optCut_BDT","datasets/plot_args/MVA_variables.xml","optCutScan",'r',"BDT4")...
Using analysis directory TMVAoutput_boosted
--- plot_tmv: Using signal&bkg test trees from file: TMVAoutput_boosted_SBtmva.root
 Entries bkg :: test/train/test+train = 154768/154768/309536
 Entries sgl :: test/train/test+train = 21555/21555/43110
 scale_sgl_tmva/scale_bkg_tmva = 0.5/0.5
 Entries data  = 10233
 Signal x-sect, fb / Generated signal events (normalized to Lum =  137 fb ) :: 2324.84/318503
 1.0 * lum_fbinv * PB2FB = 137000

anl Lum = 137
BDT4 :: point/step/cutval/significance  = 1/0.1/-1/3.06994
BDT4 :: point/step/cutval/significance  = 2/0.1/-0.9/3.13334
BDT4 :: point/step/cutval/significance  = 3/0.1/-0.8/3.29736
BDT4 :: point/step/cutval/significance  = 4/0.1/-0.7/3.48127
BDT4 :: point/step/cutval/significance  = 5/0.1/-0.6/3.67442
BDT4 :: point/step/cutval/significance  = 6/0.1/-0.5/3.86655
BDT4 :: point/step/cutval/significance  = 7/0.1/-0.4/4.05756
BDT4 :: point/step/cutval/significance  = 8/0.1/-0.3/4.2298
BDT4 :: point/step/cutval/significance  = 9/0.1/-0.2/4.40336
BDT4 :: point/step/cutval/significance  = 10/0.1/-0.1/4.57612
BDT4 :: point/step/cutval/significance  = 11/0.1/0/4.74146
BDT4 :: point/step/cutval/significance  = 12/0.1/0.1/4.88086
BDT4 :: point/step/cutval/significance  = 13/0.1/0.2/5.01207
BDT4 :: point/step/cutval/significance  = 14/0.1/0.3/5.13702
BDT4 :: point/step/cutval/significance  = 15/0.1/0.4/5.24067
BDT4 :: point/step/cutval/significance  = 16/0.1/0.5/5.32652
BDT4 :: point/step/cutval/significance  = 17/0.1/0.6/5.34436
BDT4 :: point/step/cutval/significance  = 18/0.1/0.7/5.22928
BDT4 :: point/step/cutval/significance  = 19/0.1/0.8/4.80073
BDT4 :: point/step/cutval/significance  = 20/0.1/0.9/3.62229
BDT4 :: point/step/cutval/significance  = 1/0.02/0.5/5.32652
BDT4 :: point/step/cutval/significance  = 2/0.02/0.52/5.34733
BDT4 :: point/step/cutval/significance  = 3/0.02/0.54/5.35087
BDT4 :: point/step/cutval/significance  = 4/0.02/0.56/5.3328
BDT4 :: point/step/cutval/significance  = 5/0.02/0.58/5.33945
BDT4 :: point/step/cutval/significance  = 6/0.02/0.6/5.34436
BDT4 :: point/step/cutval/significance  = 7/0.02/0.62/5.3352
BDT4 :: point/step/cutval/significance  = 8/0.02/0.64/5.31942
BDT4 :: point/step/cutval/significance  = 9/0.02/0.66/5.3209
BDT4 :: point/step/cutval/significance  = 10/0.02/0.68/5.29261
BDT4 :: point/step/cutval/significance  = 1/0.004/0.52/5.34733
BDT4 :: point/step/cutval/significance  = 2/0.004/0.524/5.33436
BDT4 :: point/step/cutval/significance  = 3/0.004/0.528/5.33442
BDT4 :: point/step/cutval/significance  = 4/0.004/0.532/5.34056
BDT4 :: point/step/cutval/significance  = 5/0.004/0.536/5.33961
BDT4 :: point/step/cutval/significance  = 6/0.004/0.54/5.35087
BDT4 :: point/step/cutval/significance  = 7/0.004/0.544/5.34637
BDT4 :: point/step/cutval/significance  = 8/0.004/0.548/5.34354
BDT4 :: point/step/cutval/significance  = 9/0.004/0.552/5.3508
BDT4 :: point/step/cutval/significance  = 1/0.0008/0.536/5.33961
BDT4 :: point/step/cutval/significance  = 2/0.0008/0.5368/5.34053
BDT4 :: point/step/cutval/significance  = 3/0.0008/0.5376/5.34597
BDT4 :: point/step/cutval/significance  = 4/0.0008/0.5384/5.34628
BDT4 :: point/step/cutval/significance  = 5/0.0008/0.5392/5.35132
BDT4 :: point/step/cutval/significance  = 6/0.0008/0.54/5.35087
BDT4 :: point/step/cutval/significance  = 7/0.0008/0.5408/5.34802
BDT4 :: point/step/cutval/significance  = 8/0.0008/0.5416/5.34661
BDT4 :: point/step/cutval/significance  = 9/0.0008/0.5424/5.34351
BDT4 :: point/step/cutval/significance  = 10/0.0008/0.5432/5.34474
bestcut/sgf  = 0.5392/5.35132
   ------------------------------------------------------------------
  | Welcome to ROOT 6.26/06                        https://root.cern |
  | (c) 1995-2021, The ROOT Team; conception: R. Brun, F. Rademakers |
  | Built for linuxx8664gcc on Jul 28 2022, 18:08:51                 |
  | From tags/v6-26-06@v6-26-06                                      |
  | With g++-11 (GCC) 11.3.0                                         |
  | Try '.help', '.demo', '.license', '.credits', '.quit'/'.q'       |
   ------------------------------------------------------------------


Processing tmvaMon.cc("TMVAoutput_boosted",137,full_wv_sr+cleanNAN_tau+cleanNAN_qgid,"Run2_boosted_optCut_DNN","datasets/plot_args/MVA_variables.xml","optCutScan",'r',"DNN_GPU1")...
Using analysis directory TMVAoutput_boosted
--- plot_tmv: Using signal&bkg test trees from file: TMVAoutput_boosted_SBtmva.root
 Entries bkg :: test/train/test+train = 154768/154768/309536
 Entries sgl :: test/train/test+train = 21555/21555/43110
 scale_sgl_tmva/scale_bkg_tmva = 0.5/0.5
 Entries data  = 10233
 Signal x-sect, fb / Generated signal events (normalized to Lum =  137 fb ) :: 2324.84/318503
 1.0 * lum_fbinv * PB2FB = 137000

anl Lum = 137
DNN_GPU1 :: point/step/cutval/significance  = 1/0.1/-1/3.06994
DNN_GPU1 :: point/step/cutval/significance  = 2/0.1/-0.9/3.06994
DNN_GPU1 :: point/step/cutval/significance  = 3/0.1/-0.8/3.06994
DNN_GPU1 :: point/step/cutval/significance  = 4/0.1/-0.7/3.06994
DNN_GPU1 :: point/step/cutval/significance  = 5/0.1/-0.6/3.06994
DNN_GPU1 :: point/step/cutval/significance  = 6/0.1/-0.5/3.06994
DNN_GPU1 :: point/step/cutval/significance  = 7/0.1/-0.4/3.06994
DNN_GPU1 :: point/step/cutval/significance  = 8/0.1/-0.3/3.06994
DNN_GPU1 :: point/step/cutval/significance  = 9/0.1/-0.2/3.06994
DNN_GPU1 :: point/step/cutval/significance  = 10/0.1/-0.1/3.06994
DNN_GPU1 :: point/step/cutval/significance  = 11/0.1/0/3.06994
DNN_GPU1 :: point/step/cutval/significance  = 12/0.1/0.1/5.47503
DNN_GPU1 :: point/step/cutval/significance  = 13/0.1/0.2/5.13203
DNN_GPU1 :: point/step/cutval/significance  = 14/0.1/0.3/4.63172
DNN_GPU1 :: point/step/cutval/significance  = 15/0.1/0.4/3.82721
DNN_GPU1 :: point/step/cutval/significance  = 16/0.1/0.5/3.12603
DNN_GPU1 :: point/step/cutval/significance  = 17/0.1/0.6/2.3383
DNN_GPU1 :: point/step/cutval/significance  = 18/0.1/0.7/1.50685
DNN_GPU1 :: point/step/cutval/significance  = 19/0.1/0.8/0.957591
DNN_GPU1 :: point/step/cutval/significance  = 20/0.1/0.9/0.267015
DNN_GPU1 :: point/step/cutval/significance  = 1/0.02/2.23517e-08/3.06994
DNN_GPU1 :: point/step/cutval/significance  = 2/0.02/0.02/4.4406
DNN_GPU1 :: point/step/cutval/significance  = 3/0.02/0.04/5.01824
DNN_GPU1 :: point/step/cutval/significance  = 4/0.02/0.06/5.26854
DNN_GPU1 :: point/step/cutval/significance  = 5/0.02/0.08/5.40043
DNN_GPU1 :: point/step/cutval/significance  = 6/0.02/0.1/5.47503
DNN_GPU1 :: point/step/cutval/significance  = 7/0.02/0.12/5.47593
DNN_GPU1 :: point/step/cutval/significance  = 8/0.02/0.14/5.42955
DNN_GPU1 :: point/step/cutval/significance  = 9/0.02/0.16/5.32718
DNN_GPU1 :: point/step/cutval/significance  = 10/0.02/0.18/5.25193
DNN_GPU1 :: point/step/cutval/significance  = 1/0.004/0.1/5.47503
DNN_GPU1 :: point/step/cutval/significance  = 2/0.004/0.104/5.47161
DNN_GPU1 :: point/step/cutval/significance  = 3/0.004/0.108/5.47838
DNN_GPU1 :: point/step/cutval/significance  = 4/0.004/0.112/5.48198
DNN_GPU1 :: point/step/cutval/significance  = 5/0.004/0.116/5.46611
DNN_GPU1 :: point/step/cutval/significance  = 6/0.004/0.12/5.47593
DNN_GPU1 :: point/step/cutval/significance  = 7/0.004/0.124/5.44528
DNN_GPU1 :: point/step/cutval/significance  = 8/0.004/0.128/5.41948
DNN_GPU1 :: point/step/cutval/significance  = 9/0.004/0.132/5.44336
DNN_GPU1 :: point/step/cutval/significance  = 1/0.0008/0.108/5.47838
DNN_GPU1 :: point/step/cutval/significance  = 2/0.0008/0.1088/5.46637
DNN_GPU1 :: point/step/cutval/significance  = 3/0.0008/0.1096/5.46572
DNN_GPU1 :: point/step/cutval/significance  = 4/0.0008/0.1104/5.48613
DNN_GPU1 :: point/step/cutval/significance  = 5/0.0008/0.1112/5.48973
DNN_GPU1 :: point/step/cutval/significance  = 6/0.0008/0.112/5.48198
DNN_GPU1 :: point/step/cutval/significance  = 7/0.0008/0.1128/5.47644
DNN_GPU1 :: point/step/cutval/significance  = 8/0.0008/0.1136/5.46981
DNN_GPU1 :: point/step/cutval/significance  = 9/0.0008/0.1144/5.47241
DNN_GPU1 :: point/step/cutval/significance  = 10/0.0008/0.1152/5.46826
bestcut/sgf  = 0.1112/5.48973
   ------------------------------------------------------------------
  | Welcome to ROOT 6.26/06                        https://root.cern |
  | (c) 1995-2021, The ROOT Team; conception: R. Brun, F. Rademakers |
  | Built for linuxx8664gcc on Jul 28 2022, 18:08:51                 |
  | From tags/v6-26-06@v6-26-06                                      |
  | With g++-11 (GCC) 11.3.0                                         |
  | Try '.help', '.demo', '.license', '.credits', '.quit'/'.q'       |
   ------------------------------------------------------------------


Processing tmvaMon.cc("TMVAoutput_boosted",137,boosted_bdt_cut+cleanNAN_tau+cleanNAN_qgid,"Run2_boosted_G_kin_BDT","datasets/plot_args/Boosted_kinematic_variables.xml","genPlots",'r',"lep1_pt")...
Using analysis directory TMVAoutput_boosted
--- plot_tmv: Using signal&bkg test trees from file: TMVAoutput_boosted_SBtmva.root
 Entries bkg :: test/train/test+train = 154768/154768/309536
 Entries sgl :: test/train/test+train = 21555/21555/43110
 scale_sgl_tmva/scale_bkg_tmva = 0.5/0.5
 Entries data  = 10233
 Signal x-sect, fb / Generated signal events (normalized to Lum =  137 fb ) :: 2324.84/318503
 1.0 * lum_fbinv * PB2FB = 137000

anl Lum = 137

Plot style: r
|--------------------------------------------------------------------------------------------------------------------|
|       boosted_bdt_cut |     611    |    526.6+/-10.1      |    137.90+/-1.70 ( 0.04)    |    5.35    | 896.48   |
|--------------------------------------------------------------------------------------------------------------------|
|--------------------------------------------------------------------------------------------------------------------|
|       boosted_bdt_cut |     611    |    526.6+/-10.1      |    137.90+/-1.70 ( 0.04)    |    5.35    | 896.48   |
|--------------------------------------------------------------------------------------------------------------------|
|--------------------------------------------------------------------------------------------------------------------|
|       boosted_bdt_cut |     611    |    526.6+/-10.1      |    137.90+/-1.70 ( 0.04)    |    5.35    | 896.48   |
|--------------------------------------------------------------------------------------------------------------------|
|--------------------------------------------------------------------------------------------------------------------|
|       boosted_bdt_cut |     611    |    526.6+/-10.1      |    137.90+/-1.70 ( 0.04)    |    5.35    | 896.48   |
|--------------------------------------------------------------------------------------------------------------------|
|--------------------------------------------------------------------------------------------------------------------|
|       boosted_bdt_cut |     611    |    526.6+/-10.1      |    137.90+/-1.70 ( 0.04)    |    5.35    | 896.48   |
|--------------------------------------------------------------------------------------------------------------------|
|--------------------------------------------------------------------------------------------------------------------|
|       boosted_bdt_cut |     611    |    526.6+/-10.1      |    137.90+/-1.70 ( 0.04)    |    5.35    | 896.48   |
|--------------------------------------------------------------------------------------------------------------------|
|--------------------------------------------------------------------------------------------------------------------|
|       boosted_bdt_cut |     611    |    526.6+/-10.1      |    137.90+/-1.70 ( 0.04)    |    5.35    | 896.48   |
|--------------------------------------------------------------------------------------------------------------------|
|--------------------------------------------------------------------------------------------------------------------|
|       boosted_bdt_cut |     611    |    526.6+/-10.1      |    137.90+/-1.70 ( 0.04)    |    5.35    | 896.48   |
|--------------------------------------------------------------------------------------------------------------------|
|--------------------------------------------------------------------------------------------------------------------|
|       boosted_bdt_cut |     611    |    526.6+/-10.1      |    137.90+/-1.70 ( 0.04)    |    5.35    | 896.48   |
|--------------------------------------------------------------------------------------------------------------------|
|--------------------------------------------------------------------------------------------------------------------|
|       boosted_bdt_cut |     611    |    526.6+/-10.1      |    137.90+/-1.70 ( 0.04)    |    5.35    | 896.48   |
|--------------------------------------------------------------------------------------------------------------------|
|--------------------------------------------------------------------------------------------------------------------|
|       boosted_bdt_cut |     611    |    526.6+/-10.1      |    137.90+/-1.70 ( 0.04)    |    5.35    | 896.48   |
|--------------------------------------------------------------------------------------------------------------------|
|--------------------------------------------------------------------------------------------------------------------|
|       boosted_bdt_cut |     611    |    526.6+/-10.1      |    137.90+/-1.70 ( 0.04)    |    5.35    | 896.48   |
|--------------------------------------------------------------------------------------------------------------------|
|--------------------------------------------------------------------------------------------------------------------|
|       boosted_bdt_cut |     611    |    526.6+/-10.1      |    137.90+/-1.70 ( 0.04)    |    5.35    | 896.48   |
|--------------------------------------------------------------------------------------------------------------------|
|--------------------------------------------------------------------------------------------------------------------|
|       boosted_bdt_cut |     611    |    526.6+/-10.1      |    137.90+/-1.70 ( 0.04)    |    5.35    | 896.48   |
|--------------------------------------------------------------------------------------------------------------------|
|--------------------------------------------------------------------------------------------------------------------|
|       boosted_bdt_cut |     611    |    526.6+/-10.1      |    137.90+/-1.70 ( 0.04)    |    5.35    | 896.48   |
|--------------------------------------------------------------------------------------------------------------------|
|--------------------------------------------------------------------------------------------------------------------|
|       boosted_bdt_cut |     611    |    526.6+/-10.1      |    137.90+/-1.70 ( 0.04)    |    5.35    | 896.48   |
|--------------------------------------------------------------------------------------------------------------------|
|--------------------------------------------------------------------------------------------------------------------|
|       boosted_bdt_cut |     611    |    526.6+/-10.1      |    137.90+/-1.70 ( 0.04)    |    5.35    | 896.48   |
|--------------------------------------------------------------------------------------------------------------------|
|--------------------------------------------------------------------------------------------------------------------|
|       boosted_bdt_cut |     611    |    526.6+/-10.1      |    137.90+/-1.70 ( 0.04)    |    5.35    | 896.48   |
|--------------------------------------------------------------------------------------------------------------------|
|--------------------------------------------------------------------------------------------------------------------|
|       boosted_bdt_cut |     611    |    526.6+/-10.1      |    137.90+/-1.70 ( 0.04)    |    5.35    | 896.48   |
|--------------------------------------------------------------------------------------------------------------------|
|--------------------------------------------------------------------------------------------------------------------|
|       boosted_bdt_cut |     611    |    526.6+/-10.1      |    137.90+/-1.70 ( 0.04)    |    5.35    | 896.48   |
|--------------------------------------------------------------------------------------------------------------------|
|--------------------------------------------------------------------------------------------------------------------|
|       boosted_bdt_cut |     611    |    526.6+/-10.1      |    137.90+/-1.70 ( 0.04)    |    5.35    | 896.48   |
|--------------------------------------------------------------------------------------------------------------------|
|--------------------------------------------------------------------------------------------------------------------|
|       boosted_bdt_cut |     611    |    526.6+/-10.1      |    137.90+/-1.70 ( 0.04)    |    5.35    | 896.48   |
|--------------------------------------------------------------------------------------------------------------------|
|--------------------------------------------------------------------------------------------------------------------|
|       boosted_bdt_cut |     611    |    526.6+/-10.1      |    137.90+/-1.70 ( 0.04)    |    5.35    | 896.48   |
|--------------------------------------------------------------------------------------------------------------------|
|--------------------------------------------------------------------------------------------------------------------|
|       boosted_bdt_cut |     611    |    526.6+/-10.1      |    137.90+/-1.70 ( 0.04)    |    5.35    | 896.48   |
|--------------------------------------------------------------------------------------------------------------------|
|--------------------------------------------------------------------------------------------------------------------|
|       boosted_bdt_cut |     611    |    526.6+/-10.1      |    137.90+/-1.70 ( 0.04)    |    5.35    | 896.48   |
|--------------------------------------------------------------------------------------------------------------------|
|--------------------------------------------------------------------------------------------------------------------|
|       boosted_bdt_cut |     611    |    526.6+/-10.1      |    137.90+/-1.70 ( 0.04)    |    5.35    | 896.48   |
|--------------------------------------------------------------------------------------------------------------------|
|--------------------------------------------------------------------------------------------------------------------|
|       boosted_bdt_cut |     611    |    526.6+/-10.1      |    137.90+/-1.70 ( 0.04)    |    5.35    | 896.48   |
|--------------------------------------------------------------------------------------------------------------------|
   ------------------------------------------------------------------
  | Welcome to ROOT 6.26/06                        https://root.cern |
  | (c) 1995-2021, The ROOT Team; conception: R. Brun, F. Rademakers |
  | Built for linuxx8664gcc on Jul 28 2022, 18:08:51                 |
  | From tags/v6-26-06@v6-26-06                                      |
  | With g++-11 (GCC) 11.3.0                                         |
  | Try '.help', '.demo', '.license', '.credits', '.quit'/'.q'       |
   ------------------------------------------------------------------


Processing tmvaMon.cc("TMVAoutput_boosted",137,boosted_dnn_cut+cleanNAN_tau+cleanNAN_qgid,"Run2_boosted_G_kin_DNN","datasets/plot_args/Boosted_kinematic_variables.xml","genPlots",'r',"lep1_pt")...
Using analysis directory TMVAoutput_boosted
--- plot_tmv: Using signal&bkg test trees from file: TMVAoutput_boosted_SBtmva.root
 Entries bkg :: test/train/test+train = 154768/154768/309536
 Entries sgl :: test/train/test+train = 21555/21555/43110
 scale_sgl_tmva/scale_bkg_tmva = 0.5/0.5
 Entries data  = 10233
 Signal x-sect, fb / Generated signal events (normalized to Lum =  137 fb ) :: 2324.84/318503
 1.0 * lum_fbinv * PB2FB = 137000

anl Lum = 137

Plot style: r
|--------------------------------------------------------------------------------------------------------------------|
|       boosted_dnn_cut |     503    |    393.4+/-8.3      |    125.00+/-1.61 ( 0.04)    |    5.49    | 850.34   |
|--------------------------------------------------------------------------------------------------------------------|
|--------------------------------------------------------------------------------------------------------------------|
|       boosted_dnn_cut |     503    |    393.4+/-8.3      |    125.00+/-1.61 ( 0.04)    |    5.49    | 850.34   |
|--------------------------------------------------------------------------------------------------------------------|
|--------------------------------------------------------------------------------------------------------------------|
|       boosted_dnn_cut |     503    |    393.4+/-8.3      |    125.00+/-1.61 ( 0.04)    |    5.49    | 850.34   |
|--------------------------------------------------------------------------------------------------------------------|
|--------------------------------------------------------------------------------------------------------------------|
|       boosted_dnn_cut |     503    |    393.4+/-8.3      |    125.00+/-1.61 ( 0.04)    |    5.49    | 850.34   |
|--------------------------------------------------------------------------------------------------------------------|
|--------------------------------------------------------------------------------------------------------------------|
|       boosted_dnn_cut |     503    |    393.4+/-8.3      |    125.00+/-1.61 ( 0.04)    |    5.49    | 850.34   |
|--------------------------------------------------------------------------------------------------------------------|
|--------------------------------------------------------------------------------------------------------------------|
|       boosted_dnn_cut |     503    |    393.4+/-8.3      |    125.00+/-1.61 ( 0.04)    |    5.49    | 850.34   |
|--------------------------------------------------------------------------------------------------------------------|
|--------------------------------------------------------------------------------------------------------------------|
|       boosted_dnn_cut |     503    |    393.4+/-8.3      |    125.00+/-1.61 ( 0.04)    |    5.49    | 850.34   |
|--------------------------------------------------------------------------------------------------------------------|
|--------------------------------------------------------------------------------------------------------------------|
|       boosted_dnn_cut |     503    |    393.4+/-8.3      |    125.00+/-1.61 ( 0.04)    |    5.49    | 850.34   |
|--------------------------------------------------------------------------------------------------------------------|
|--------------------------------------------------------------------------------------------------------------------|
|       boosted_dnn_cut |     503    |    393.4+/-8.3      |    125.00+/-1.61 ( 0.04)    |    5.49    | 850.34   |
|--------------------------------------------------------------------------------------------------------------------|
|--------------------------------------------------------------------------------------------------------------------|
|       boosted_dnn_cut |     503    |    393.4+/-8.3      |    125.00+/-1.61 ( 0.04)    |    5.49    | 850.34   |
|--------------------------------------------------------------------------------------------------------------------|
|--------------------------------------------------------------------------------------------------------------------|
|       boosted_dnn_cut |     503    |    393.4+/-8.3      |    125.00+/-1.61 ( 0.04)    |    5.49    | 850.34   |
|--------------------------------------------------------------------------------------------------------------------|
|--------------------------------------------------------------------------------------------------------------------|
|       boosted_dnn_cut |     503    |    393.4+/-8.3      |    125.00+/-1.61 ( 0.04)    |    5.49    | 850.34   |
|--------------------------------------------------------------------------------------------------------------------|
|--------------------------------------------------------------------------------------------------------------------|
|       boosted_dnn_cut |     503    |    393.4+/-8.3      |    125.00+/-1.61 ( 0.04)    |    5.49    | 850.34   |
|--------------------------------------------------------------------------------------------------------------------|
|--------------------------------------------------------------------------------------------------------------------|
|       boosted_dnn_cut |     503    |    393.4+/-8.3      |    125.00+/-1.61 ( 0.04)    |    5.49    | 850.34   |
|--------------------------------------------------------------------------------------------------------------------|
|--------------------------------------------------------------------------------------------------------------------|
|       boosted_dnn_cut |     503    |    393.4+/-8.3      |    125.00+/-1.61 ( 0.04)    |    5.49    | 850.34   |
|--------------------------------------------------------------------------------------------------------------------|
|--------------------------------------------------------------------------------------------------------------------|
|       boosted_dnn_cut |     503    |    393.4+/-8.3      |    125.00+/-1.61 ( 0.04)    |    5.49    | 850.34   |
|--------------------------------------------------------------------------------------------------------------------|
|--------------------------------------------------------------------------------------------------------------------|
|       boosted_dnn_cut |     503    |    393.4+/-8.3      |    125.00+/-1.61 ( 0.04)    |    5.49    | 850.34   |
|--------------------------------------------------------------------------------------------------------------------|
|--------------------------------------------------------------------------------------------------------------------|
|       boosted_dnn_cut |     503    |    393.4+/-8.3      |    125.00+/-1.61 ( 0.04)    |    5.49    | 850.34   |
|--------------------------------------------------------------------------------------------------------------------|
|--------------------------------------------------------------------------------------------------------------------|
|       boosted_dnn_cut |     503    |    393.4+/-8.3      |    125.00+/-1.61 ( 0.04)    |    5.49    | 850.34   |
|--------------------------------------------------------------------------------------------------------------------|
|--------------------------------------------------------------------------------------------------------------------|
|       boosted_dnn_cut |     503    |    393.4+/-8.3      |    125.00+/-1.61 ( 0.04)    |    5.49    | 850.34   |
|--------------------------------------------------------------------------------------------------------------------|
|--------------------------------------------------------------------------------------------------------------------|
|       boosted_dnn_cut |     503    |    393.4+/-8.3      |    125.00+/-1.61 ( 0.04)    |    5.49    | 850.34   |
|--------------------------------------------------------------------------------------------------------------------|
|--------------------------------------------------------------------------------------------------------------------|
|       boosted_dnn_cut |     503    |    393.4+/-8.3      |    125.00+/-1.61 ( 0.04)    |    5.49    | 850.34   |
|--------------------------------------------------------------------------------------------------------------------|
|--------------------------------------------------------------------------------------------------------------------|
|       boosted_dnn_cut |     503    |    393.4+/-8.3      |    125.00+/-1.61 ( 0.04)    |    5.49    | 850.34   |
|--------------------------------------------------------------------------------------------------------------------|
|--------------------------------------------------------------------------------------------------------------------|
|       boosted_dnn_cut |     503    |    393.4+/-8.3      |    125.00+/-1.61 ( 0.04)    |    5.49    | 850.34   |
|--------------------------------------------------------------------------------------------------------------------|
|--------------------------------------------------------------------------------------------------------------------|
|       boosted_dnn_cut |     503    |    393.4+/-8.3      |    125.00+/-1.61 ( 0.04)    |    5.49    | 850.34   |
|--------------------------------------------------------------------------------------------------------------------|
|--------------------------------------------------------------------------------------------------------------------|
|       boosted_dnn_cut |     503    |    393.4+/-8.3      |    125.00+/-1.61 ( 0.04)    |    5.49    | 850.34   |
|--------------------------------------------------------------------------------------------------------------------|
|--------------------------------------------------------------------------------------------------------------------|
|       boosted_dnn_cut |     503    |    393.4+/-8.3      |    125.00+/-1.61 ( 0.04)    |    5.49    | 850.34   |
|--------------------------------------------------------------------------------------------------------------------|
   ------------------------------------------------------------------
  | Welcome to ROOT 6.26/06                        https://root.cern |
  | (c) 1995-2021, The ROOT Team; conception: R. Brun, F. Rademakers |
  | Built for linuxx8664gcc on Jul 28 2022, 18:08:51                 |
  | From tags/v6-26-06@v6-26-06                                      |
  | With g++-11 (GCC) 11.3.0                                         |
  | Try '.help', '.demo', '.license', '.credits', '.quit'/'.q'       |
   ------------------------------------------------------------------


Processing tmvaMon.cc("TMVAoutput_boosted",137,boosted_bdt_cut+cleanNAN_tau+cleanNAN_qgid,"Run2_boosted_kin_BDT","datasets/plot_args/Boosted_kinematic_variables.xml","cplots",'r',"lep1_pt")...
Using analysis directory TMVAoutput_boosted
--- plot_tmv: Using signal&bkg test trees from file: TMVAoutput_boosted_SBtmva.root
 Entries bkg :: test/train/test+train = 154768/154768/309536
 Entries sgl :: test/train/test+train = 21555/21555/43110
 scale_sgl_tmva/scale_bkg_tmva = 0.5/0.5
 Entries data  = 10233
 Signal x-sect, fb / Generated signal events (normalized to Lum =  137 fb ) :: 2324.84/318503
 1.0 * lum_fbinv * PB2FB = 137000

anl Lum = 137
|--------------------------------------------------------------------------------------------------------------------|
|       boosted_bdt_cut |     611    |    526.6+/-10.1      |    137.90+/-1.70 ( 0.04)    |    5.35    | 896.48   |
|--------------------------------------------------------------------------------------------------------------------|
|--------------------------------------------------------------------------------------------------------------------|
|       boosted_bdt_cut |     611    |    526.6+/-10.1      |    137.90+/-1.70 ( 0.04)    |    5.35    | 896.48   |
|--------------------------------------------------------------------------------------------------------------------|
|--------------------------------------------------------------------------------------------------------------------|
|       boosted_bdt_cut |     611    |    526.6+/-10.1      |    137.90+/-1.70 ( 0.04)    |    5.35    | 896.48   |
|--------------------------------------------------------------------------------------------------------------------|
|--------------------------------------------------------------------------------------------------------------------|
|       boosted_bdt_cut |     611    |    526.6+/-10.1      |    137.90+/-1.70 ( 0.04)    |    5.35    | 896.48   |
|--------------------------------------------------------------------------------------------------------------------|
|--------------------------------------------------------------------------------------------------------------------|
|       boosted_bdt_cut |     611    |    526.6+/-10.1      |    137.90+/-1.70 ( 0.04)    |    5.35    | 896.48   |
|--------------------------------------------------------------------------------------------------------------------|
|--------------------------------------------------------------------------------------------------------------------|
|       boosted_bdt_cut |     611    |    526.6+/-10.1      |    137.90+/-1.70 ( 0.04)    |    5.35    | 896.48   |
|--------------------------------------------------------------------------------------------------------------------|
|--------------------------------------------------------------------------------------------------------------------|
|       boosted_bdt_cut |     611    |    526.6+/-10.1      |    137.90+/-1.70 ( 0.04)    |    5.35    | 896.48   |
|--------------------------------------------------------------------------------------------------------------------|
|--------------------------------------------------------------------------------------------------------------------|
|       boosted_bdt_cut |     611    |    526.6+/-10.1      |    137.90+/-1.70 ( 0.04)    |    5.35    | 896.48   |
|--------------------------------------------------------------------------------------------------------------------|
|--------------------------------------------------------------------------------------------------------------------|
|       boosted_bdt_cut |     611    |    526.6+/-10.1      |    137.90+/-1.70 ( 0.04)    |    5.35    | 896.48   |
|--------------------------------------------------------------------------------------------------------------------|
|--------------------------------------------------------------------------------------------------------------------|
|       boosted_bdt_cut |     611    |    526.6+/-10.1      |    137.90+/-1.70 ( 0.04)    |    5.35    | 896.48   |
|--------------------------------------------------------------------------------------------------------------------|
|--------------------------------------------------------------------------------------------------------------------|
|       boosted_bdt_cut |     611    |    526.6+/-10.1      |    137.90+/-1.70 ( 0.04)    |    5.35    | 896.48   |
|--------------------------------------------------------------------------------------------------------------------|
|--------------------------------------------------------------------------------------------------------------------|
|       boosted_bdt_cut |     611    |    526.6+/-10.1      |    137.90+/-1.70 ( 0.04)    |    5.35    | 896.48   |
|--------------------------------------------------------------------------------------------------------------------|
|--------------------------------------------------------------------------------------------------------------------|
|       boosted_bdt_cut |     611    |    526.6+/-10.1      |    137.90+/-1.70 ( 0.04)    |    5.35    | 896.48   |
|--------------------------------------------------------------------------------------------------------------------|
|--------------------------------------------------------------------------------------------------------------------|
|       boosted_bdt_cut |     611    |    526.6+/-10.1      |    137.90+/-1.70 ( 0.04)    |    5.35    | 896.48   |
|--------------------------------------------------------------------------------------------------------------------|
|--------------------------------------------------------------------------------------------------------------------|
|       boosted_bdt_cut |     611    |    526.6+/-10.1      |    137.90+/-1.70 ( 0.04)    |    5.35    | 896.48   |
|--------------------------------------------------------------------------------------------------------------------|
|--------------------------------------------------------------------------------------------------------------------|
|       boosted_bdt_cut |     611    |    526.6+/-10.1      |    137.90+/-1.70 ( 0.04)    |    5.35    | 896.48   |
|--------------------------------------------------------------------------------------------------------------------|
|--------------------------------------------------------------------------------------------------------------------|
|       boosted_bdt_cut |     611    |    526.6+/-10.1      |    137.90+/-1.70 ( 0.04)    |    5.35    | 896.48   |
|--------------------------------------------------------------------------------------------------------------------|
|--------------------------------------------------------------------------------------------------------------------|
|       boosted_bdt_cut |     611    |    526.6+/-10.1      |    137.90+/-1.70 ( 0.04)    |    5.35    | 896.48   |
|--------------------------------------------------------------------------------------------------------------------|
|--------------------------------------------------------------------------------------------------------------------|
|       boosted_bdt_cut |     611    |    526.6+/-10.1      |    137.90+/-1.70 ( 0.04)    |    5.35    | 896.48   |
|--------------------------------------------------------------------------------------------------------------------|
|--------------------------------------------------------------------------------------------------------------------|
|       boosted_bdt_cut |     611    |    526.6+/-10.1      |    137.90+/-1.70 ( 0.04)    |    5.35    | 896.48   |
|--------------------------------------------------------------------------------------------------------------------|
|--------------------------------------------------------------------------------------------------------------------|
|       boosted_bdt_cut |     611    |    526.6+/-10.1      |    137.90+/-1.70 ( 0.04)    |    5.35    | 896.48   |
|--------------------------------------------------------------------------------------------------------------------|
|--------------------------------------------------------------------------------------------------------------------|
|       boosted_bdt_cut |     611    |    526.6+/-10.1      |    137.90+/-1.70 ( 0.04)    |    5.35    | 896.48   |
|--------------------------------------------------------------------------------------------------------------------|
|--------------------------------------------------------------------------------------------------------------------|
|       boosted_bdt_cut |     611    |    526.6+/-10.1      |    137.90+/-1.70 ( 0.04)    |    5.35    | 896.48   |
|--------------------------------------------------------------------------------------------------------------------|
|--------------------------------------------------------------------------------------------------------------------|
|       boosted_bdt_cut |     611    |    526.6+/-10.1      |    137.90+/-1.70 ( 0.04)    |    5.35    | 896.48   |
|--------------------------------------------------------------------------------------------------------------------|
|--------------------------------------------------------------------------------------------------------------------|
|       boosted_bdt_cut |     611    |    526.6+/-10.1      |    137.90+/-1.70 ( 0.04)    |    5.35    | 896.48   |
|--------------------------------------------------------------------------------------------------------------------|
|--------------------------------------------------------------------------------------------------------------------|
|       boosted_bdt_cut |     611    |    526.6+/-10.1      |    137.90+/-1.70 ( 0.04)    |    5.35    | 896.48   |
|--------------------------------------------------------------------------------------------------------------------|
|--------------------------------------------------------------------------------------------------------------------|
|       boosted_bdt_cut |     611    |    526.6+/-10.1      |    137.90+/-1.70 ( 0.04)    |    5.35    | 896.48   |
|--------------------------------------------------------------------------------------------------------------------|
   ------------------------------------------------------------------
  | Welcome to ROOT 6.26/06                        https://root.cern |
  | (c) 1995-2021, The ROOT Team; conception: R. Brun, F. Rademakers |
  | Built for linuxx8664gcc on Jul 28 2022, 18:08:51                 |
  | From tags/v6-26-06@v6-26-06                                      |
  | With g++-11 (GCC) 11.3.0                                         |
  | Try '.help', '.demo', '.license', '.credits', '.quit'/'.q'       |
   ------------------------------------------------------------------


Processing tmvaMon.cc("TMVAoutput_boosted",137,boosted_dnn_cut+cleanNAN_tau+cleanNAN_qgid,"Run2_boosted_kin_DNN","datasets/plot_args/Boosted_kinematic_variables.xml","cplots",'r',"lep1_pt")...
Using analysis directory TMVAoutput_boosted
--- plot_tmv: Using signal&bkg test trees from file: TMVAoutput_boosted_SBtmva.root
 Entries bkg :: test/train/test+train = 154768/154768/309536
 Entries sgl :: test/train/test+train = 21555/21555/43110
 scale_sgl_tmva/scale_bkg_tmva = 0.5/0.5
 Entries data  = 10233
 Signal x-sect, fb / Generated signal events (normalized to Lum =  137 fb ) :: 2324.84/318503
 1.0 * lum_fbinv * PB2FB = 137000

anl Lum = 137
|--------------------------------------------------------------------------------------------------------------------|
|       boosted_dnn_cut |     503    |    393.4+/-8.3      |    125.00+/-1.61 ( 0.04)    |    5.49    | 850.34   |
|--------------------------------------------------------------------------------------------------------------------|
|--------------------------------------------------------------------------------------------------------------------|
|       boosted_dnn_cut |     503    |    393.4+/-8.3      |    125.00+/-1.61 ( 0.04)    |    5.49    | 850.34   |
|--------------------------------------------------------------------------------------------------------------------|
|--------------------------------------------------------------------------------------------------------------------|
|       boosted_dnn_cut |     503    |    393.4+/-8.3      |    125.00+/-1.61 ( 0.04)    |    5.49    | 850.34   |
|--------------------------------------------------------------------------------------------------------------------|
|--------------------------------------------------------------------------------------------------------------------|
|       boosted_dnn_cut |     503    |    393.4+/-8.3      |    125.00+/-1.61 ( 0.04)    |    5.49    | 850.34   |
|--------------------------------------------------------------------------------------------------------------------|
|--------------------------------------------------------------------------------------------------------------------|
|       boosted_dnn_cut |     503    |    393.4+/-8.3      |    125.00+/-1.61 ( 0.04)    |    5.49    | 850.34   |
|--------------------------------------------------------------------------------------------------------------------|
|--------------------------------------------------------------------------------------------------------------------|
|       boosted_dnn_cut |     503    |    393.4+/-8.3      |    125.00+/-1.61 ( 0.04)    |    5.49    | 850.34   |
|--------------------------------------------------------------------------------------------------------------------|
|--------------------------------------------------------------------------------------------------------------------|
|       boosted_dnn_cut |     503    |    393.4+/-8.3      |    125.00+/-1.61 ( 0.04)    |    5.49    | 850.34   |
|--------------------------------------------------------------------------------------------------------------------|
|--------------------------------------------------------------------------------------------------------------------|
|       boosted_dnn_cut |     503    |    393.4+/-8.3      |    125.00+/-1.61 ( 0.04)    |    5.49    | 850.34   |
|--------------------------------------------------------------------------------------------------------------------|
|--------------------------------------------------------------------------------------------------------------------|
|       boosted_dnn_cut |     503    |    393.4+/-8.3      |    125.00+/-1.61 ( 0.04)    |    5.49    | 850.34   |
|--------------------------------------------------------------------------------------------------------------------|
|--------------------------------------------------------------------------------------------------------------------|
|       boosted_dnn_cut |     503    |    393.4+/-8.3      |    125.00+/-1.61 ( 0.04)    |    5.49    | 850.34   |
|--------------------------------------------------------------------------------------------------------------------|
|--------------------------------------------------------------------------------------------------------------------|
|       boosted_dnn_cut |     503    |    393.4+/-8.3      |    125.00+/-1.61 ( 0.04)    |    5.49    | 850.34   |
|--------------------------------------------------------------------------------------------------------------------|
|--------------------------------------------------------------------------------------------------------------------|
|       boosted_dnn_cut |     503    |    393.4+/-8.3      |    125.00+/-1.61 ( 0.04)    |    5.49    | 850.34   |
|--------------------------------------------------------------------------------------------------------------------|
|--------------------------------------------------------------------------------------------------------------------|
|       boosted_dnn_cut |     503    |    393.4+/-8.3      |    125.00+/-1.61 ( 0.04)    |    5.49    | 850.34   |
|--------------------------------------------------------------------------------------------------------------------|
|--------------------------------------------------------------------------------------------------------------------|
|       boosted_dnn_cut |     503    |    393.4+/-8.3      |    125.00+/-1.61 ( 0.04)    |    5.49    | 850.34   |
|--------------------------------------------------------------------------------------------------------------------|
|--------------------------------------------------------------------------------------------------------------------|
|       boosted_dnn_cut |     503    |    393.4+/-8.3      |    125.00+/-1.61 ( 0.04)    |    5.49    | 850.34   |
|--------------------------------------------------------------------------------------------------------------------|
|--------------------------------------------------------------------------------------------------------------------|
|       boosted_dnn_cut |     503    |    393.4+/-8.3      |    125.00+/-1.61 ( 0.04)    |    5.49    | 850.34   |
|--------------------------------------------------------------------------------------------------------------------|
|--------------------------------------------------------------------------------------------------------------------|
|       boosted_dnn_cut |     503    |    393.4+/-8.3      |    125.00+/-1.61 ( 0.04)    |    5.49    | 850.34   |
|--------------------------------------------------------------------------------------------------------------------|
|--------------------------------------------------------------------------------------------------------------------|
|       boosted_dnn_cut |     503    |    393.4+/-8.3      |    125.00+/-1.61 ( 0.04)    |    5.49    | 850.34   |
|--------------------------------------------------------------------------------------------------------------------|
|--------------------------------------------------------------------------------------------------------------------|
|       boosted_dnn_cut |     503    |    393.4+/-8.3      |    125.00+/-1.61 ( 0.04)    |    5.49    | 850.34   |
|--------------------------------------------------------------------------------------------------------------------|
|--------------------------------------------------------------------------------------------------------------------|
|       boosted_dnn_cut |     503    |    393.4+/-8.3      |    125.00+/-1.61 ( 0.04)    |    5.49    | 850.34   |
|--------------------------------------------------------------------------------------------------------------------|
|--------------------------------------------------------------------------------------------------------------------|
|       boosted_dnn_cut |     503    |    393.4+/-8.3      |    125.00+/-1.61 ( 0.04)    |    5.49    | 850.34   |
|--------------------------------------------------------------------------------------------------------------------|
|--------------------------------------------------------------------------------------------------------------------|
|       boosted_dnn_cut |     503    |    393.4+/-8.3      |    125.00+/-1.61 ( 0.04)    |    5.49    | 850.34   |
|--------------------------------------------------------------------------------------------------------------------|
|--------------------------------------------------------------------------------------------------------------------|
|       boosted_dnn_cut |     503    |    393.4+/-8.3      |    125.00+/-1.61 ( 0.04)    |    5.49    | 850.34   |
|--------------------------------------------------------------------------------------------------------------------|
|--------------------------------------------------------------------------------------------------------------------|
|       boosted_dnn_cut |     503    |    393.4+/-8.3      |    125.00+/-1.61 ( 0.04)    |    5.49    | 850.34   |
|--------------------------------------------------------------------------------------------------------------------|
|--------------------------------------------------------------------------------------------------------------------|
|       boosted_dnn_cut |     503    |    393.4+/-8.3      |    125.00+/-1.61 ( 0.04)    |    5.49    | 850.34   |
|--------------------------------------------------------------------------------------------------------------------|
|--------------------------------------------------------------------------------------------------------------------|
|       boosted_dnn_cut |     503    |    393.4+/-8.3      |    125.00+/-1.61 ( 0.04)    |    5.49    | 850.34   |
|--------------------------------------------------------------------------------------------------------------------|
|--------------------------------------------------------------------------------------------------------------------|
|       boosted_dnn_cut |     503    |    393.4+/-8.3      |    125.00+/-1.61 ( 0.04)    |    5.49    | 850.34   |
|--------------------------------------------------------------------------------------------------------------------|
   ------------------------------------------------------------------
  | Welcome to ROOT 6.26/06                        https://root.cern |
  | (c) 1995-2021, The ROOT Team; conception: R. Brun, F. Rademakers |
  | Built for linuxx8664gcc on Jul 28 2022, 18:08:51                 |
  | From tags/v6-26-06@v6-26-06                                      |
  | With g++-11 (GCC) 11.3.0                                         |
  | Try '.help', '.demo', '.license', '.credits', '.quit'/'.q'       |
   ------------------------------------------------------------------


Processing tmvaMon.cc("TMVAoutput_boosted",137,boosted_bdt_cut+cleanNAN_tau+cleanNAN_qgid,"Run2_boosted_kin_BDT","datasets/plot_args/Boosted_kinematic_variables.xml","genPlots",'s',"lep1_pt")...
Using analysis directory TMVAoutput_boosted
--- plot_tmv: Using signal&bkg test trees from file: TMVAoutput_boosted_SBtmva.root
 Entries bkg :: test/train/test+train = 154768/154768/309536
 Entries sgl :: test/train/test+train = 21555/21555/43110
 scale_sgl_tmva/scale_bkg_tmva = 0.5/0.5
 Entries data  = 10233
 Signal x-sect, fb / Generated signal events (normalized to Lum =  137 fb ) :: 2324.84/318503
 1.0 * lum_fbinv * PB2FB = 137000

anl Lum = 137

Plot style: s
|--------------------------------------------------------------------------------------------------------------------|
|       boosted_bdt_cut |     611    |    526.6+/-10.1      |    137.90+/-1.70 ( 0.04)    |    5.35    | 896.48   |
|--------------------------------------------------------------------------------------------------------------------|
|--------------------------------------------------------------------------------------------------------------------|
|       boosted_bdt_cut |     611    |    526.6+/-10.1      |    137.90+/-1.70 ( 0.04)    |    5.35    | 896.48   |
|--------------------------------------------------------------------------------------------------------------------|
|--------------------------------------------------------------------------------------------------------------------|
|       boosted_bdt_cut |     611    |    526.6+/-10.1      |    137.90+/-1.70 ( 0.04)    |    5.35    | 896.48   |
|--------------------------------------------------------------------------------------------------------------------|
|--------------------------------------------------------------------------------------------------------------------|
|       boosted_bdt_cut |     611    |    526.6+/-10.1      |    137.90+/-1.70 ( 0.04)    |    5.35    | 896.48   |
|--------------------------------------------------------------------------------------------------------------------|
|--------------------------------------------------------------------------------------------------------------------|
|       boosted_bdt_cut |     611    |    526.6+/-10.1      |    137.90+/-1.70 ( 0.04)    |    5.35    | 896.48   |
|--------------------------------------------------------------------------------------------------------------------|
|--------------------------------------------------------------------------------------------------------------------|
|       boosted_bdt_cut |     611    |    526.6+/-10.1      |    137.90+/-1.70 ( 0.04)    |    5.35    | 896.48   |
|--------------------------------------------------------------------------------------------------------------------|
|--------------------------------------------------------------------------------------------------------------------|
|       boosted_bdt_cut |     611    |    526.6+/-10.1      |    137.90+/-1.70 ( 0.04)    |    5.35    | 896.48   |
|--------------------------------------------------------------------------------------------------------------------|
|--------------------------------------------------------------------------------------------------------------------|
|       boosted_bdt_cut |     611    |    526.6+/-10.1      |    137.90+/-1.70 ( 0.04)    |    5.35    | 896.48   |
|--------------------------------------------------------------------------------------------------------------------|
|--------------------------------------------------------------------------------------------------------------------|
|       boosted_bdt_cut |     611    |    526.6+/-10.1      |    137.90+/-1.70 ( 0.04)    |    5.35    | 896.48   |
|--------------------------------------------------------------------------------------------------------------------|
|--------------------------------------------------------------------------------------------------------------------|
|       boosted_bdt_cut |     611    |    526.6+/-10.1      |    137.90+/-1.70 ( 0.04)    |    5.35    | 896.48   |
|--------------------------------------------------------------------------------------------------------------------|
|--------------------------------------------------------------------------------------------------------------------|
|       boosted_bdt_cut |     611    |    526.6+/-10.1      |    137.90+/-1.70 ( 0.04)    |    5.35    | 896.48   |
|--------------------------------------------------------------------------------------------------------------------|
|--------------------------------------------------------------------------------------------------------------------|
|       boosted_bdt_cut |     611    |    526.6+/-10.1      |    137.90+/-1.70 ( 0.04)    |    5.35    | 896.48   |
|--------------------------------------------------------------------------------------------------------------------|
|--------------------------------------------------------------------------------------------------------------------|
|       boosted_bdt_cut |     611    |    526.6+/-10.1      |    137.90+/-1.70 ( 0.04)    |    5.35    | 896.48   |
|--------------------------------------------------------------------------------------------------------------------|
|--------------------------------------------------------------------------------------------------------------------|
|       boosted_bdt_cut |     611    |    526.6+/-10.1      |    137.90+/-1.70 ( 0.04)    |    5.35    | 896.48   |
|--------------------------------------------------------------------------------------------------------------------|
|--------------------------------------------------------------------------------------------------------------------|
|       boosted_bdt_cut |     611    |    526.6+/-10.1      |    137.90+/-1.70 ( 0.04)    |    5.35    | 896.48   |
|--------------------------------------------------------------------------------------------------------------------|
|--------------------------------------------------------------------------------------------------------------------|
|       boosted_bdt_cut |     611    |    526.6+/-10.1      |    137.90+/-1.70 ( 0.04)    |    5.35    | 896.48   |
|--------------------------------------------------------------------------------------------------------------------|
|--------------------------------------------------------------------------------------------------------------------|
|       boosted_bdt_cut |     611    |    526.6+/-10.1      |    137.90+/-1.70 ( 0.04)    |    5.35    | 896.48   |
|--------------------------------------------------------------------------------------------------------------------|
|--------------------------------------------------------------------------------------------------------------------|
|       boosted_bdt_cut |     611    |    526.6+/-10.1      |    137.90+/-1.70 ( 0.04)    |    5.35    | 896.48   |
|--------------------------------------------------------------------------------------------------------------------|
|--------------------------------------------------------------------------------------------------------------------|
|       boosted_bdt_cut |     611    |    526.6+/-10.1      |    137.90+/-1.70 ( 0.04)    |    5.35    | 896.48   |
|--------------------------------------------------------------------------------------------------------------------|
|--------------------------------------------------------------------------------------------------------------------|
|       boosted_bdt_cut |     611    |    526.6+/-10.1      |    137.90+/-1.70 ( 0.04)    |    5.35    | 896.48   |
|--------------------------------------------------------------------------------------------------------------------|
|--------------------------------------------------------------------------------------------------------------------|
|       boosted_bdt_cut |     611    |    526.6+/-10.1      |    137.90+/-1.70 ( 0.04)    |    5.35    | 896.48   |
|--------------------------------------------------------------------------------------------------------------------|
|--------------------------------------------------------------------------------------------------------------------|
|       boosted_bdt_cut |     611    |    526.6+/-10.1      |    137.90+/-1.70 ( 0.04)    |    5.35    | 896.48   |
|--------------------------------------------------------------------------------------------------------------------|
|--------------------------------------------------------------------------------------------------------------------|
|       boosted_bdt_cut |     611    |    526.6+/-10.1      |    137.90+/-1.70 ( 0.04)    |    5.35    | 896.48   |
|--------------------------------------------------------------------------------------------------------------------|
|--------------------------------------------------------------------------------------------------------------------|
|       boosted_bdt_cut |     611    |    526.6+/-10.1      |    137.90+/-1.70 ( 0.04)    |    5.35    | 896.48   |
|--------------------------------------------------------------------------------------------------------------------|
|--------------------------------------------------------------------------------------------------------------------|
|       boosted_bdt_cut |     611    |    526.6+/-10.1      |    137.90+/-1.70 ( 0.04)    |    5.35    | 896.48   |
|--------------------------------------------------------------------------------------------------------------------|
|--------------------------------------------------------------------------------------------------------------------|
|       boosted_bdt_cut |     611    |    526.6+/-10.1      |    137.90+/-1.70 ( 0.04)    |    5.35    | 896.48   |
|--------------------------------------------------------------------------------------------------------------------|
|--------------------------------------------------------------------------------------------------------------------|
|       boosted_bdt_cut |     611    |    526.6+/-10.1      |    137.90+/-1.70 ( 0.04)    |    5.35    | 896.48   |
|--------------------------------------------------------------------------------------------------------------------|
   ------------------------------------------------------------------
  | Welcome to ROOT 6.26/06                        https://root.cern |
  | (c) 1995-2021, The ROOT Team; conception: R. Brun, F. Rademakers |
  | Built for linuxx8664gcc on Jul 28 2022, 18:08:51                 |
  | From tags/v6-26-06@v6-26-06                                      |
  | With g++-11 (GCC) 11.3.0                                         |
  | Try '.help', '.demo', '.license', '.credits', '.quit'/'.q'       |
   ------------------------------------------------------------------


Processing tmvaMon.cc("TMVAoutput_boosted",137,boosted_dnn_cut+cleanNAN_tau+cleanNAN_qgid,"Run2_boosted_kin_DNN","datasets/plot_args/Boosted_kinematic_variables.xml","genPlots",'s',"lep1_pt")...
Using analysis directory TMVAoutput_boosted
--- plot_tmv: Using signal&bkg test trees from file: TMVAoutput_boosted_SBtmva.root
 Entries bkg :: test/train/test+train = 154768/154768/309536
 Entries sgl :: test/train/test+train = 21555/21555/43110
 scale_sgl_tmva/scale_bkg_tmva = 0.5/0.5
 Entries data  = 10233
 Signal x-sect, fb / Generated signal events (normalized to Lum =  137 fb ) :: 2324.84/318503
 1.0 * lum_fbinv * PB2FB = 137000

anl Lum = 137

Plot style: s
|--------------------------------------------------------------------------------------------------------------------|
|       boosted_dnn_cut |     503    |    393.4+/-8.3      |    125.00+/-1.61 ( 0.04)    |    5.49    | 850.34   |
|--------------------------------------------------------------------------------------------------------------------|
|--------------------------------------------------------------------------------------------------------------------|
|       boosted_dnn_cut |     503    |    393.4+/-8.3      |    125.00+/-1.61 ( 0.04)    |    5.49    | 850.34   |
|--------------------------------------------------------------------------------------------------------------------|
|--------------------------------------------------------------------------------------------------------------------|
|       boosted_dnn_cut |     503    |    393.4+/-8.3      |    125.00+/-1.61 ( 0.04)    |    5.49    | 850.34   |
|--------------------------------------------------------------------------------------------------------------------|
|--------------------------------------------------------------------------------------------------------------------|
|       boosted_dnn_cut |     503    |    393.4+/-8.3      |    125.00+/-1.61 ( 0.04)    |    5.49    | 850.34   |
|--------------------------------------------------------------------------------------------------------------------|
|--------------------------------------------------------------------------------------------------------------------|
|       boosted_dnn_cut |     503    |    393.4+/-8.3      |    125.00+/-1.61 ( 0.04)    |    5.49    | 850.34   |
|--------------------------------------------------------------------------------------------------------------------|
|--------------------------------------------------------------------------------------------------------------------|
|       boosted_dnn_cut |     503    |    393.4+/-8.3      |    125.00+/-1.61 ( 0.04)    |    5.49    | 850.34   |
|--------------------------------------------------------------------------------------------------------------------|
|--------------------------------------------------------------------------------------------------------------------|
|       boosted_dnn_cut |     503    |    393.4+/-8.3      |    125.00+/-1.61 ( 0.04)    |    5.49    | 850.34   |
|--------------------------------------------------------------------------------------------------------------------|
|--------------------------------------------------------------------------------------------------------------------|
|       boosted_dnn_cut |     503    |    393.4+/-8.3      |    125.00+/-1.61 ( 0.04)    |    5.49    | 850.34   |
|--------------------------------------------------------------------------------------------------------------------|
|--------------------------------------------------------------------------------------------------------------------|
|       boosted_dnn_cut |     503    |    393.4+/-8.3      |    125.00+/-1.61 ( 0.04)    |    5.49    | 850.34   |
|--------------------------------------------------------------------------------------------------------------------|
|--------------------------------------------------------------------------------------------------------------------|
|       boosted_dnn_cut |     503    |    393.4+/-8.3      |    125.00+/-1.61 ( 0.04)    |    5.49    | 850.34   |
|--------------------------------------------------------------------------------------------------------------------|
|--------------------------------------------------------------------------------------------------------------------|
|       boosted_dnn_cut |     503    |    393.4+/-8.3      |    125.00+/-1.61 ( 0.04)    |    5.49    | 850.34   |
|--------------------------------------------------------------------------------------------------------------------|
|--------------------------------------------------------------------------------------------------------------------|
|       boosted_dnn_cut |     503    |    393.4+/-8.3      |    125.00+/-1.61 ( 0.04)    |    5.49    | 850.34   |
|--------------------------------------------------------------------------------------------------------------------|
|--------------------------------------------------------------------------------------------------------------------|
|       boosted_dnn_cut |     503    |    393.4+/-8.3      |    125.00+/-1.61 ( 0.04)    |    5.49    | 850.34   |
|--------------------------------------------------------------------------------------------------------------------|
|--------------------------------------------------------------------------------------------------------------------|
|       boosted_dnn_cut |     503    |    393.4+/-8.3      |    125.00+/-1.61 ( 0.04)    |    5.49    | 850.34   |
|--------------------------------------------------------------------------------------------------------------------|
|--------------------------------------------------------------------------------------------------------------------|
|       boosted_dnn_cut |     503    |    393.4+/-8.3      |    125.00+/-1.61 ( 0.04)    |    5.49    | 850.34   |
|--------------------------------------------------------------------------------------------------------------------|
|--------------------------------------------------------------------------------------------------------------------|
|       boosted_dnn_cut |     503    |    393.4+/-8.3      |    125.00+/-1.61 ( 0.04)    |    5.49    | 850.34   |
|--------------------------------------------------------------------------------------------------------------------|
|--------------------------------------------------------------------------------------------------------------------|
|       boosted_dnn_cut |     503    |    393.4+/-8.3      |    125.00+/-1.61 ( 0.04)    |    5.49    | 850.34   |
|--------------------------------------------------------------------------------------------------------------------|
|--------------------------------------------------------------------------------------------------------------------|
|       boosted_dnn_cut |     503    |    393.4+/-8.3      |    125.00+/-1.61 ( 0.04)    |    5.49    | 850.34   |
|--------------------------------------------------------------------------------------------------------------------|
|--------------------------------------------------------------------------------------------------------------------|
|       boosted_dnn_cut |     503    |    393.4+/-8.3      |    125.00+/-1.61 ( 0.04)    |    5.49    | 850.34   |
|--------------------------------------------------------------------------------------------------------------------|
|--------------------------------------------------------------------------------------------------------------------|
|       boosted_dnn_cut |     503    |    393.4+/-8.3      |    125.00+/-1.61 ( 0.04)    |    5.49    | 850.34   |
|--------------------------------------------------------------------------------------------------------------------|
|--------------------------------------------------------------------------------------------------------------------|
|       boosted_dnn_cut |     503    |    393.4+/-8.3      |    125.00+/-1.61 ( 0.04)    |    5.49    | 850.34   |
|--------------------------------------------------------------------------------------------------------------------|
|--------------------------------------------------------------------------------------------------------------------|
|       boosted_dnn_cut |     503    |    393.4+/-8.3      |    125.00+/-1.61 ( 0.04)    |    5.49    | 850.34   |
|--------------------------------------------------------------------------------------------------------------------|
|--------------------------------------------------------------------------------------------------------------------|
|       boosted_dnn_cut |     503    |    393.4+/-8.3      |    125.00+/-1.61 ( 0.04)    |    5.49    | 850.34   |
|--------------------------------------------------------------------------------------------------------------------|
|--------------------------------------------------------------------------------------------------------------------|
|       boosted_dnn_cut |     503    |    393.4+/-8.3      |    125.00+/-1.61 ( 0.04)    |    5.49    | 850.34   |
|--------------------------------------------------------------------------------------------------------------------|
|--------------------------------------------------------------------------------------------------------------------|
|       boosted_dnn_cut |     503    |    393.4+/-8.3      |    125.00+/-1.61 ( 0.04)    |    5.49    | 850.34   |
|--------------------------------------------------------------------------------------------------------------------|
|--------------------------------------------------------------------------------------------------------------------|
|       boosted_dnn_cut |     503    |    393.4+/-8.3      |    125.00+/-1.61 ( 0.04)    |    5.49    | 850.34   |
|--------------------------------------------------------------------------------------------------------------------|
|--------------------------------------------------------------------------------------------------------------------|
|       boosted_dnn_cut |     503    |    393.4+/-8.3      |    125.00+/-1.61 ( 0.04)    |    5.49    | 850.34   |
|--------------------------------------------------------------------------------------------------------------------|
   ------------------------------------------------------------------
  | Welcome to ROOT 6.26/06                        https://root.cern |
  | (c) 1995-2021, The ROOT Team; conception: R. Brun, F. Rademakers |
  | Built for linuxx8664gcc on Jul 28 2022, 18:08:51                 |
  | From tags/v6-26-06@v6-26-06                                      |
  | With g++-11 (GCC) 11.3.0                                         |
  | Try '.help', '.demo', '.license', '.credits', '.quit'/'.q'       |
   ------------------------------------------------------------------


Processing tmvaMon.cc("TMVAoutput_boosted",137,full_wv_sr+cleanNAN_tau+cleanNAN_qgid,"SR_ML_g","datasets/plot_args/ML_models_boosted.xml","genPlots",'r',"lep1_pt")...
Using analysis directory TMVAoutput_boosted
--- plot_tmv: Using signal&bkg test trees from file: TMVAoutput_boosted_SBtmva.root
 Entries bkg :: test/train/test+train = 154768/154768/309536
 Entries sgl :: test/train/test+train = 21555/21555/43110
 scale_sgl_tmva/scale_bkg_tmva = 0.5/0.5
 Entries data  = 10233
 Signal x-sect, fb / Generated signal events (normalized to Lum =  137 fb ) :: 2324.84/318503
 1.0 * lum_fbinv * PB2FB = 137000

anl Lum = 137

Plot style: r
|--------------------------------------------------------------------------------------------------------------------|
|            full_wv_sr |   10233    |    10248.8+/-59.3      |    315.54+/-2.72 ( 0.10)    |    3.07    | 1845.70   |
|--------------------------------------------------------------------------------------------------------------------|
|--------------------------------------------------------------------------------------------------------------------|
|            full_wv_sr |   10233    |    10248.8+/-59.3      |    315.54+/-2.72 ( 0.10)    |    3.07    | 1845.70   |
|--------------------------------------------------------------------------------------------------------------------|
   ------------------------------------------------------------------
  | Welcome to ROOT 6.26/06                        https://root.cern |
  | (c) 1995-2021, The ROOT Team; conception: R. Brun, F. Rademakers |
  | Built for linuxx8664gcc on Jul 28 2022, 18:08:51                 |
  | From tags/v6-26-06@v6-26-06                                      |
  | With g++-11 (GCC) 11.3.0                                         |
  | Try '.help', '.demo', '.license', '.credits', '.quit'/'.q'       |
   ------------------------------------------------------------------


Processing tmvaMon.cc("TMVAoutput_boosted",137,full_wv_sr+cleanNAN_tau+cleanNAN_qgid,"SR_ML_Shape","datasets/plot_args/ML_models_boosted.xml","genPlots",'s',"lep1_pt")...
Using analysis directory TMVAoutput_boosted
--- plot_tmv: Using signal&bkg test trees from file: TMVAoutput_boosted_SBtmva.root
 Entries bkg :: test/train/test+train = 154768/154768/309536
 Entries sgl :: test/train/test+train = 21555/21555/43110
 scale_sgl_tmva/scale_bkg_tmva = 0.5/0.5
 Entries data  = 10233
 Signal x-sect, fb / Generated signal events (normalized to Lum =  137 fb ) :: 2324.84/318503
 1.0 * lum_fbinv * PB2FB = 137000

anl Lum = 137

Plot style: s
|--------------------------------------------------------------------------------------------------------------------|
|            full_wv_sr |   10233    |    10248.8+/-59.3      |    315.54+/-2.72 ( 0.10)    |    3.07    | 1845.70   |
|--------------------------------------------------------------------------------------------------------------------|
|--------------------------------------------------------------------------------------------------------------------|
|            full_wv_sr |   10233    |    10248.8+/-59.3      |    315.54+/-2.72 ( 0.10)    |    3.07    | 1845.70   |
|--------------------------------------------------------------------------------------------------------------------|
